job1: (g=0): rw=read, bs=(R) 4096B-4096B, (W) 4096B-4096B, (T) 4096B-4096B, ioengine=libaio, iodepth=10
...
fio-3.34
Starting 10 threads
job1: Laying out IO file (1 file / 1024MiB)

job1: (groupid=0, jobs=10): err= 0: pid=414: Mon Sep 18 17:45:45 2023
  read: IOPS=6635, BW=25.9MiB/s (27.2MB/s)(778MiB/30003msec)
    slat (usec): min=196, max=58234, avg=1067.10, stdev=3516.05
    clat (usec): min=272, max=89943, avg=13859.57, stdev=10084.29
     lat (usec): min=673, max=92152, avg=14926.66, stdev=10358.46
    clat percentiles (usec):
     |  1.00th=[ 4424],  5.00th=[ 4555], 10.00th=[ 4621], 20.00th=[ 4817],
     | 30.00th=[ 5145], 40.00th=[ 7570], 50.00th=[ 8979], 60.00th=[13829],
     | 70.00th=[18482], 80.00th=[21627], 90.00th=[28967], 95.00th=[32900],
     | 99.00th=[42206], 99.50th=[45876], 99.90th=[56886], 99.95th=[61604],
     | 99.99th=[73925]
   bw (  KiB/s): min=16051, max=49514, per=100.00%, avg=26549.80, stdev=762.99, samples=590
   iops        : min= 4009, max=12375, avg=6633.83, stdev=190.76, samples=590
  lat (usec)   : 500=0.01%, 1000=0.01%
  lat (msec)   : 2=0.01%, 4=0.01%, 10=52.66%, 20=17.83%, 50=29.23%
  lat (msec)   : 100=0.26%
  cpu          : usr=4.10%, sys=25.73%, ctx=16025, majf=0, minf=110
  IO depths    : 1=0.1%, 2=0.1%, 4=0.1%, 8=100.0%, 16=0.0%, 32=0.0%, >=64=0.0%
     submit    : 0=0.0%, 4=100.0%, 8=0.0%, 16=0.0%, 32=0.0%, 64=0.0%, >=64=0.0%
     complete  : 0=0.0%, 4=100.0%, 8=0.0%, 16=0.1%, 32=0.0%, 64=0.0%, >=64=0.0%
     issued rwts: total=199077,0,0,0 short=0,0,0,0 dropped=0,0,0,0
     latency   : target=0, window=0, percentile=100.00%, depth=10

Run status group 0 (all jobs):
   READ: bw=25.9MiB/s (27.2MB/s), 25.9MiB/s-25.9MiB/s (27.2MB/s-27.2MB/s), io=778MiB (815MB), run=30003-30003msec

Disk stats (read/write):
  vda: ios=197773/3, merge=17/0, ticks=66808/2, in_queue=66809, util=99.61%
job1: (g=0): rw=read, bs=(R) 16.0KiB-16.0KiB, (W) 16.0KiB-16.0KiB, (T) 16.0KiB-16.0KiB, ioengine=libaio, iodepth=10
...
fio-3.34
Starting 10 threads

job1: (groupid=0, jobs=10): err= 0: pid=427: Mon Sep 18 17:46:45 2023
  read: IOPS=6223, BW=97.2MiB/s (102MB/s)(2918MiB/30009msec)
    slat (usec): min=203, max=56824, avg=1131.56, stdev=3613.51
    clat (usec): min=263, max=78277, avg=14786.24, stdev=10608.66
     lat (usec): min=591, max=80576, avg=15917.80, stdev=10876.79
    clat percentiles (usec):
     |  1.00th=[ 4621],  5.00th=[ 4817], 10.00th=[ 4948], 20.00th=[ 5211],
     | 30.00th=[ 5735], 40.00th=[ 7832], 50.00th=[ 9765], 60.00th=[16909],
     | 70.00th=[20841], 80.00th=[23725], 90.00th=[29492], 95.00th=[34341],
     | 99.00th=[45351], 99.50th=[50070], 99.90th=[61604], 99.95th=[65274],
     | 99.99th=[73925]
   bw (  KiB/s): min=58114, max=198930, per=100.00%, avg=99658.88, stdev=3035.94, samples=590
   iops        : min= 3628, max=12429, avg=6224.02, stdev=189.72, samples=590
  lat (usec)   : 500=0.01%, 750=0.01%, 1000=0.01%
  lat (msec)   : 2=0.01%, 4=0.01%, 10=50.31%, 20=18.32%, 50=30.87%
  lat (msec)   : 100=0.48%
  cpu          : usr=3.82%, sys=26.08%, ctx=16175, majf=0, minf=410
  IO depths    : 1=0.1%, 2=0.1%, 4=0.1%, 8=100.0%, 16=0.0%, 32=0.0%, >=64=0.0%
     submit    : 0=0.0%, 4=100.0%, 8=0.0%, 16=0.0%, 32=0.0%, 64=0.0%, >=64=0.0%
     complete  : 0=0.0%, 4=100.0%, 8=0.0%, 16=0.1%, 32=0.0%, 64=0.0%, >=64=0.0%
     issued rwts: total=186762,0,0,0 short=0,0,0,0 dropped=0,0,0,0
     latency   : target=0, window=0, percentile=100.00%, depth=10

Run status group 0 (all jobs):
   READ: bw=97.2MiB/s (102MB/s), 97.2MiB/s-97.2MiB/s (102MB/s-102MB/s), io=2918MiB (3060MB), run=30009-30009msec

Disk stats (read/write):
  vda: ios=186105/3, merge=16/1, ticks=67122/2, in_queue=67125, util=99.60%
job1: (g=0): rw=read, bs=(R) 32.0KiB-32.0KiB, (W) 32.0KiB-32.0KiB, (T) 32.0KiB-32.0KiB, ioengine=libaio, iodepth=10
...
fio-3.34
Starting 10 threads

job1: (groupid=0, jobs=10): err= 0: pid=440: Mon Sep 18 17:47:47 2023
  read: IOPS=5643, BW=176MiB/s (185MB/s)(5291MiB/30006msec)
    slat (usec): min=218, max=65181, avg=1299.18, stdev=4001.69
    clat (usec): min=189, max=88795, avg=16258.29, stdev=11521.97
     lat (usec): min=886, max=89201, avg=17557.47, stdev=11841.27
    clat percentiles (usec):
     |  1.00th=[ 4883],  5.00th=[ 5080], 10.00th=[ 5276], 20.00th=[ 5604],
     | 30.00th=[ 6652], 40.00th=[ 8848], 50.00th=[13304], 60.00th=[17695],
     | 70.00th=[21627], 80.00th=[25822], 90.00th=[33424], 95.00th=[38011],
     | 99.00th=[50070], 99.50th=[54264], 99.90th=[65799], 99.95th=[66847],
     | 99.99th=[79168]
   bw (  KiB/s): min=93878, max=368027, per=100.00%, avg=180908.47, stdev=6200.67, samples=590
   iops        : min= 2929, max=11497, avg=5648.69, stdev=193.77, samples=590
  lat (usec)   : 250=0.01%, 500=0.01%, 750=0.01%, 1000=0.01%
  lat (msec)   : 2=0.01%, 4=0.01%, 10=46.54%, 20=18.86%, 50=33.64%
  lat (msec)   : 100=0.94%
  cpu          : usr=3.64%, sys=25.12%, ctx=16094, majf=0, minf=810
  IO depths    : 1=0.1%, 2=0.1%, 4=0.1%, 8=100.0%, 16=0.0%, 32=0.0%, >=64=0.0%
     submit    : 0=0.0%, 4=100.0%, 8=0.0%, 16=0.0%, 32=0.0%, 64=0.0%, >=64=0.0%
     complete  : 0=0.0%, 4=100.0%, 8=0.0%, 16=0.1%, 32=0.0%, 64=0.0%, >=64=0.0%
     issued rwts: total=169325,0,0,0 short=0,0,0,0 dropped=0,0,0,0
     latency   : target=0, window=0, percentile=100.00%, depth=10

Run status group 0 (all jobs):
   READ: bw=176MiB/s (185MB/s), 176MiB/s-176MiB/s (185MB/s-185MB/s), io=5291MiB (5548MB), run=30006-30006msec

Disk stats (read/write):
  vda: ios=169003/3, merge=16/1, ticks=65593/2, in_queue=65596, util=99.55%
job1: (g=0): rw=read, bs=(R) 64.0KiB-64.0KiB, (W) 64.0KiB-64.0KiB, (T) 64.0KiB-64.0KiB, ioengine=libaio, iodepth=10
...
fio-3.34
Starting 10 threads

job1: (groupid=0, jobs=10): err= 0: pid=454: Mon Sep 18 17:48:48 2023
  read: IOPS=5501, BW=344MiB/s (361MB/s)(10.0GiB/29779msec)
    slat (usec): min=236, max=53276, avg=1295.78, stdev=3889.76
    clat (usec): min=323, max=93543, avg=15715.14, stdev=11088.30
     lat (usec): min=740, max=108724, avg=17010.92, stdev=11400.70
    clat percentiles (usec):
     |  1.00th=[ 5080],  5.00th=[ 5276], 10.00th=[ 5473], 20.00th=[ 5800],
     | 30.00th=[ 6456], 40.00th=[ 8717], 50.00th=[10552], 60.00th=[17433],
     | 70.00th=[21627], 80.00th=[25822], 90.00th=[30802], 95.00th=[37487],
     | 99.00th=[47973], 99.50th=[53740], 99.90th=[62129], 99.95th=[67634],
     | 99.99th=[73925]
   bw (  KiB/s): min=207653, max=831001, per=100.00%, avg=370833.05, stdev=13521.63, samples=552
   iops        : min= 3242, max=12981, avg=5789.61, stdev=211.29, samples=552
  lat (usec)   : 500=0.01%, 750=0.01%, 1000=0.01%
  lat (msec)   : 2=0.01%, 4=0.01%, 10=47.88%, 20=20.53%, 50=30.75%
  lat (msec)   : 100=0.82%
  cpu          : usr=4.07%, sys=26.76%, ctx=15316, majf=0, minf=1610
  IO depths    : 1=0.1%, 2=0.1%, 4=0.1%, 8=100.0%, 16=0.0%, 32=0.0%, >=64=0.0%
     submit    : 0=0.0%, 4=100.0%, 8=0.0%, 16=0.0%, 32=0.0%, 64=0.0%, >=64=0.0%
     complete  : 0=0.0%, 4=100.0%, 8=0.0%, 16=0.1%, 32=0.0%, 64=0.0%, >=64=0.0%
     issued rwts: total=163840,0,0,0 short=0,0,0,0 dropped=0,0,0,0
     latency   : target=0, window=0, percentile=100.00%, depth=10

Run status group 0 (all jobs):
   READ: bw=344MiB/s (361MB/s), 344MiB/s-344MiB/s (361MB/s-361MB/s), io=10.0GiB (10.7GB), run=29779-29779msec

Disk stats (read/write):
  vda: ios=163782/4, merge=7/1, ticks=66538/2, in_queue=66541, util=99.51%
job1: (g=0): rw=read, bs=(R) 128KiB-128KiB, (W) 128KiB-128KiB, (T) 128KiB-128KiB, ioengine=libaio, iodepth=10
...
fio-3.34
Starting 10 threads

job1: (groupid=0, jobs=10): err= 0: pid=472: Mon Sep 18 17:49:37 2023
  read: IOPS=4435, BW=554MiB/s (581MB/s)(10.0GiB/18471msec)
    slat (usec): min=256, max=57060, avg=1622.76, stdev=4217.84
    clat (usec): min=342, max=105216, avg=18202.25, stdev=12069.93
     lat (usec): min=713, max=105740, avg=19825.01, stdev=12753.42
    clat percentiles (usec):
     |  1.00th=[ 4948],  5.00th=[ 5473], 10.00th=[ 5800], 20.00th=[ 6652],
     | 30.00th=[ 9241], 40.00th=[11338], 50.00th=[15270], 60.00th=[19530],
     | 70.00th=[22938], 80.00th=[27132], 90.00th=[34341], 95.00th=[41157],
     | 99.00th=[54789], 99.50th=[62653], 99.90th=[77071], 99.95th=[81265],
     | 99.99th=[89654]
   bw (  KiB/s): min=356458, max=1441375, per=100.00%, avg=633680.44, stdev=27754.59, samples=320
   iops        : min= 2781, max=11255, avg=4945.61, stdev=216.84, samples=320
  lat (usec)   : 500=0.01%, 750=0.01%, 1000=0.01%
  lat (msec)   : 2=0.01%, 4=0.01%, 10=34.04%, 20=26.65%, 50=37.50%
  lat (msec)   : 100=1.78%, 250=0.01%
  cpu          : usr=3.92%, sys=29.20%, ctx=9100, majf=0, minf=2198
  IO depths    : 1=0.1%, 2=0.1%, 4=0.1%, 8=99.9%, 16=0.0%, 32=0.0%, >=64=0.0%
     submit    : 0=0.0%, 4=100.0%, 8=0.0%, 16=0.0%, 32=0.0%, 64=0.0%, >=64=0.0%
     complete  : 0=0.0%, 4=100.0%, 8=0.0%, 16=0.1%, 32=0.0%, 64=0.0%, >=64=0.0%
     issued rwts: total=81920,0,0,0 short=0,0,0,0 dropped=0,0,0,0
     latency   : target=0, window=0, percentile=100.00%, depth=10

Run status group 0 (all jobs):
   READ: bw=554MiB/s (581MB/s), 554MiB/s-554MiB/s (581MB/s-581MB/s), io=10.0GiB (10.7GB), run=18471-18471msec

Disk stats (read/write):
  vda: ios=81780/53, merge=11/13, ticks=35089/68, in_queue=35158, util=99.30%
job1: (g=0): rw=read, bs=(R) 256KiB-256KiB, (W) 256KiB-256KiB, (T) 256KiB-256KiB, ioengine=libaio, iodepth=10
...
fio-3.34
Starting 10 threads

job1: (groupid=0, jobs=10): err= 0: pid=485: Mon Sep 18 17:50:19 2023
  read: IOPS=3594, BW=899MiB/s (942MB/s)(10.0GiB/11394msec)
    slat (usec): min=296, max=72992, avg=1937.86, stdev=4361.95
    clat (usec): min=128, max=184435, avg=20477.06, stdev=12922.62
     lat (usec): min=813, max=190926, avg=22414.92, stdev=13817.45
    clat percentiles (msec):
     |  1.00th=[    6],  5.00th=[    7], 10.00th=[    7], 20.00th=[    9],
     | 30.00th=[   11], 40.00th=[   15], 50.00th=[   20], 60.00th=[   23],
     | 70.00th=[   25], 80.00th=[   30], 90.00th=[   38], 95.00th=[   45],
     | 99.00th=[   63], 99.50th=[   68], 99.90th=[   82], 99.95th=[   88],
     | 99.99th=[  103]
   bw (  MiB/s): min=  629, max= 2374, per=100.00%, avg=1122.32, stdev=47.22, samples=181
   iops        : min= 2514, max= 9492, avg=4484.74, stdev=188.86, samples=181
  lat (usec)   : 250=0.01%, 500=0.01%, 1000=0.01%
  lat (msec)   : 2=0.02%, 4=0.04%, 10=26.55%, 20=27.10%, 50=43.13%
  lat (msec)   : 100=3.12%, 250=0.01%
  cpu          : usr=3.60%, sys=32.63%, ctx=5110, majf=0, minf=4372
  IO depths    : 1=0.1%, 2=0.1%, 4=0.1%, 8=99.8%, 16=0.0%, 32=0.0%, >=64=0.0%
     submit    : 0=0.0%, 4=100.0%, 8=0.0%, 16=0.0%, 32=0.0%, 64=0.0%, >=64=0.0%
     complete  : 0=0.0%, 4=100.0%, 8=0.0%, 16=0.1%, 32=0.0%, 64=0.0%, >=64=0.0%
     issued rwts: total=40960,0,0,0 short=0,0,0,0 dropped=0,0,0,0
     latency   : target=0, window=0, percentile=100.00%, depth=10

Run status group 0 (all jobs):
   READ: bw=899MiB/s (942MB/s), 899MiB/s-899MiB/s (942MB/s-942MB/s), io=10.0GiB (10.7GB), run=11394-11394msec

Disk stats (read/write):
  vda: ios=40832/0, merge=10/0, ticks=19449/0, in_queue=19449, util=98.55%
job1: (g=0): rw=read, bs=(R) 512KiB-512KiB, (W) 512KiB-512KiB, (T) 512KiB-512KiB, ioengine=libaio, iodepth=10
...
fio-3.34
Starting 10 threads

job1: (groupid=0, jobs=10): err= 0: pid=498: Mon Sep 18 17:51:04 2023
  read: IOPS=1518, BW=759MiB/s (796MB/s)(10.0GiB/13485msec)
    slat (usec): min=391, max=58684, avg=5340.02, stdev=6334.47
    clat (usec): min=360, max=135532, avg=51383.05, stdev=20902.13
     lat (msec): min=2, max=158, avg=56.72, stdev=22.76
    clat percentiles (msec):
     |  1.00th=[   15],  5.00th=[   22], 10.00th=[   26], 20.00th=[   29],
     | 30.00th=[   40], 40.00th=[   47], 50.00th=[   51], 60.00th=[   55],
     | 70.00th=[   64], 80.00th=[   71], 90.00th=[   80], 95.00th=[   89],
     | 99.00th=[  103], 99.50th=[  107], 99.90th=[  116], 99.95th=[  127],
     | 99.99th=[  132]
   bw (  KiB/s): min=564955, max=1646392, per=100.00%, avg=891524.08, stdev=26963.06, samples=226
   iops        : min= 1100, max= 3213, avg=1736.62, stdev=52.65, samples=226
  lat (usec)   : 500=0.02%, 750=0.02%
  lat (msec)   : 2=0.01%, 4=0.02%, 10=0.07%, 20=3.78%, 50=46.12%
  lat (msec)   : 100=48.75%, 250=1.21%
  cpu          : usr=1.82%, sys=37.60%, ctx=6207, majf=0, minf=3620
  IO depths    : 1=0.1%, 2=0.1%, 4=0.2%, 8=99.7%, 16=0.0%, 32=0.0%, >=64=0.0%
     submit    : 0=0.0%, 4=100.0%, 8=0.0%, 16=0.0%, 32=0.0%, 64=0.0%, >=64=0.0%
     complete  : 0=0.0%, 4=100.0%, 8=0.0%, 16=0.1%, 32=0.0%, 64=0.0%, >=64=0.0%
     issued rwts: total=20480,0,0,0 short=0,0,0,0 dropped=0,0,0,0
     latency   : target=0, window=0, percentile=100.00%, depth=10

Run status group 0 (all jobs):
   READ: bw=759MiB/s (796MB/s), 759MiB/s-759MiB/s (796MB/s-796MB/s), io=10.0GiB (10.7GB), run=13485-13485msec

Disk stats (read/write):
  vda: ios=20347/3, merge=9/1, ticks=11008/2, in_queue=11011, util=98.65%
job1: (g=0): rw=read, bs=(R) 1024KiB-1024KiB, (W) 1024KiB-1024KiB, (T) 1024KiB-1024KiB, ioengine=libaio, iodepth=10
...
fio-3.34
Starting 10 threads

job1: (groupid=0, jobs=10): err= 0: pid=511: Mon Sep 18 17:51:50 2023
  read: IOPS=684, BW=685MiB/s (718MB/s)(10.0GiB/14952msec)
    slat (usec): min=630, max=78113, avg=13362.05, stdev=8434.41
    clat (usec): min=608, max=241722, avg=123010.65, stdev=35375.33
     lat (msec): min=4, max=296, avg=136.37, stdev=38.47
    clat percentiles (msec):
     |  1.00th=[   34],  5.00th=[   52], 10.00th=[   77], 20.00th=[   97],
     | 30.00th=[  108], 40.00th=[  117], 50.00th=[  125], 60.00th=[  136],
     | 70.00th=[  144], 80.00th=[  155], 90.00th=[  167], 95.00th=[  174],
     | 99.00th=[  190], 99.50th=[  197], 99.90th=[  222], 99.95th=[  228],
     | 99.99th=[  232]
   bw (  KiB/s): min=426174, max=1368913, per=100.00%, avg=728857.11, stdev=18932.62, samples=273
   iops        : min=  409, max= 1334, avg=706.63, stdev=18.56, samples=273
  lat (usec)   : 750=0.06%, 1000=0.02%
  lat (msec)   : 4=0.01%, 10=0.09%, 20=0.19%, 50=4.44%, 100=18.76%
  lat (msec)   : 250=76.44%
  cpu          : usr=0.90%, sys=37.61%, ctx=7188, majf=0, minf=3134
  IO depths    : 1=0.1%, 2=0.2%, 4=0.4%, 8=99.3%, 16=0.0%, 32=0.0%, >=64=0.0%
     submit    : 0=0.0%, 4=100.0%, 8=0.0%, 16=0.0%, 32=0.0%, 64=0.0%, >=64=0.0%
     complete  : 0=0.0%, 4=99.9%, 8=0.0%, 16=0.1%, 32=0.0%, 64=0.0%, >=64=0.0%
     issued rwts: total=10240,0,0,0 short=0,0,0,0 dropped=0,0,0,0
     latency   : target=0, window=0, percentile=100.00%, depth=10

Run status group 0 (all jobs):
   READ: bw=685MiB/s (718MB/s), 685MiB/s-685MiB/s (718MB/s-718MB/s), io=10.0GiB (10.7GB), run=14952-14952msec

Disk stats (read/write):
  vda: ios=10290/0, merge=0/0, ticks=7031/0, in_queue=7030, util=97.46%
job1: (g=0): rw=write, bs=(R) 4096B-4096B, (W) 4096B-4096B, (T) 4096B-4096B, ioengine=libaio, iodepth=10
...
fio-3.34
Starting 10 threads

job1: (groupid=0, jobs=10): err= 0: pid=529: Mon Sep 18 17:52:50 2023
  write: IOPS=5310, BW=20.7MiB/s (21.8MB/s)(622MiB/30004msec); 0 zone resets
    slat (usec): min=200, max=23013, avg=1367.79, stdev=1061.08
    clat (usec): min=132, max=63593, avg=17223.71, stdev=7347.30
     lat (usec): min=1007, max=71635, avg=18591.51, stdev=7901.78
    clat percentiles (usec):
     |  1.00th=[ 5800],  5.00th=[ 6325], 10.00th=[ 7898], 20.00th=[11207],
     | 30.00th=[12387], 40.00th=[13566], 50.00th=[17433], 60.00th=[18744],
     | 70.00th=[20317], 80.00th=[23987], 90.00th=[27132], 95.00th=[30278],
     | 99.00th=[35390], 99.50th=[38011], 99.90th=[43254], 99.95th=[44827],
     | 99.99th=[50070]
   bw (  KiB/s): min=12180, max=45066, per=100.00%, avg=21250.69, stdev=727.45, samples=590
   iops        : min= 3041, max=11262, avg=5308.88, stdev=181.88, samples=590
  lat (usec)   : 250=0.01%, 500=0.01%, 750=0.01%, 1000=0.01%
  lat (msec)   : 2=0.01%, 4=0.01%, 10=18.10%, 20=50.84%, 50=31.02%
  lat (msec)   : 100=0.01%
  cpu          : usr=4.53%, sys=23.37%, ctx=161396, majf=0, minf=10
  IO depths    : 1=0.1%, 2=0.1%, 4=0.1%, 8=100.0%, 16=0.0%, 32=0.0%, >=64=0.0%
     submit    : 0=0.0%, 4=100.0%, 8=0.0%, 16=0.0%, 32=0.0%, 64=0.0%, >=64=0.0%
     complete  : 0=0.0%, 4=100.0%, 8=0.0%, 16=0.1%, 32=0.0%, 64=0.0%, >=64=0.0%
     issued rwts: total=0,159340,0,0 short=0,0,0,0 dropped=0,0,0,0
     latency   : target=0, window=0, percentile=100.00%, depth=10

Run status group 0 (all jobs):
  WRITE: bw=20.7MiB/s (21.8MB/s), 20.7MiB/s-20.7MiB/s (21.8MB/s-21.8MB/s), io=622MiB (653MB), run=30004-30004msec

Disk stats (read/write):
  vda: ios=0/158911, merge=0/27, ticks=0/66856, in_queue=66860, util=99.60%
job1: (g=0): rw=write, bs=(R) 16.0KiB-16.0KiB, (W) 16.0KiB-16.0KiB, (T) 16.0KiB-16.0KiB, ioengine=libaio, iodepth=10
...
fio-3.34
Starting 10 threads

job1: (groupid=0, jobs=10): err= 0: pid=547: Mon Sep 18 17:53:52 2023
  write: IOPS=5039, BW=78.7MiB/s (82.6MB/s)(2363MiB/30003msec); 0 zone resets
    slat (usec): min=206, max=17634, avg=1456.01, stdev=1083.60
    clat (usec): min=169, max=61942, avg=18154.05, stdev=7754.33
     lat (usec): min=952, max=63868, avg=19610.06, stdev=8270.89
    clat percentiles (usec):
     |  1.00th=[ 6128],  5.00th=[ 6652], 10.00th=[ 7373], 20.00th=[11863],
     | 30.00th=[13173], 40.00th=[14615], 50.00th=[18482], 60.00th=[19792],
     | 70.00th=[21365], 80.00th=[25297], 90.00th=[28443], 95.00th=[31327],
     | 99.00th=[38536], 99.50th=[41157], 99.90th=[49021], 99.95th=[51643],
     | 99.99th=[55837]
   bw (  KiB/s): min=47792, max=163875, per=99.99%, avg=80630.05, stdev=2572.64, samples=590
   iops        : min= 2982, max=10238, avg=5034.66, stdev=160.80, samples=590
  lat (usec)   : 250=0.01%, 500=0.01%, 750=0.01%
  lat (msec)   : 2=0.01%, 4=0.01%, 10=17.31%, 20=45.00%, 50=37.58%
  lat (msec)   : 100=0.09%
  cpu          : usr=4.52%, sys=24.01%, ctx=153247, majf=0, minf=10
  IO depths    : 1=0.1%, 2=0.1%, 4=0.1%, 8=100.0%, 16=0.0%, 32=0.0%, >=64=0.0%
     submit    : 0=0.0%, 4=100.0%, 8=0.0%, 16=0.0%, 32=0.0%, 64=0.0%, >=64=0.0%
     complete  : 0=0.0%, 4=100.0%, 8=0.0%, 16=0.1%, 32=0.0%, 64=0.0%, >=64=0.0%
     issued rwts: total=0,151204,0,0 short=0,0,0,0 dropped=0,0,0,0
     latency   : target=0, window=0, percentile=100.00%, depth=10

Run status group 0 (all jobs):
  WRITE: bw=78.7MiB/s (82.6MB/s), 78.7MiB/s-78.7MiB/s (82.6MB/s-82.6MB/s), io=2363MiB (2477MB), run=30003-30003msec

Disk stats (read/write):
  vda: ios=0/150702, merge=0/29, ticks=0/66967, in_queue=66970, util=99.49%
job1: (g=0): rw=write, bs=(R) 32.0KiB-32.0KiB, (W) 32.0KiB-32.0KiB, (T) 32.0KiB-32.0KiB, ioengine=libaio, iodepth=10
...
fio-3.34
Starting 10 threads

job1: (groupid=0, jobs=10): err= 0: pid=561: Mon Sep 18 17:54:53 2023
  write: IOPS=4655, BW=145MiB/s (153MB/s)(4365MiB/30005msec); 0 zone resets
    slat (usec): min=230, max=31490, avg=1641.55, stdev=1221.35
    clat (usec): min=352, max=381159, avg=19612.15, stdev=11797.99
     lat (usec): min=920, max=381466, avg=21253.70, stdev=12287.97
    clat percentiles (msec):
     |  1.00th=[    7],  5.00th=[    8], 10.00th=[    8], 20.00th=[   12],
     | 30.00th=[   14], 40.00th=[   16], 50.00th=[   20], 60.00th=[   22],
     | 70.00th=[   24], 80.00th=[   28], 90.00th=[   31], 95.00th=[   34],
     | 99.00th=[   41], 99.50th=[   45], 99.90th=[   57], 99.95th=[  317],
     | 99.99th=[  359]
   bw (  KiB/s): min=75899, max=312684, per=100.00%, avg=148996.37, stdev=5208.95, samples=590
   iops        : min= 2368, max= 9767, avg=4651.32, stdev=162.76, samples=590
  lat (usec)   : 500=0.01%, 750=0.01%
  lat (msec)   : 2=0.01%, 4=0.01%, 10=16.01%, 20=34.89%, 50=48.88%
  lat (msec)   : 100=0.13%, 250=0.01%, 500=0.07%
  cpu          : usr=4.58%, sys=23.60%, ctx=141896, majf=0, minf=10
  IO depths    : 1=0.1%, 2=0.1%, 4=0.1%, 8=99.9%, 16=0.0%, 32=0.0%, >=64=0.0%
     submit    : 0=0.0%, 4=100.0%, 8=0.0%, 16=0.0%, 32=0.0%, 64=0.0%, >=64=0.0%
     complete  : 0=0.0%, 4=100.0%, 8=0.0%, 16=0.1%, 32=0.0%, 64=0.0%, >=64=0.0%
     issued rwts: total=0,139690,0,0 short=0,0,0,0 dropped=0,0,0,0
     latency   : target=0, window=0, percentile=100.00%, depth=10

Run status group 0 (all jobs):
  WRITE: bw=145MiB/s (153MB/s), 145MiB/s-145MiB/s (153MB/s-153MB/s), io=4365MiB (4577MB), run=30005-30005msec

Disk stats (read/write):
  vda: ios=0/138744, merge=0/30, ticks=0/95849, in_queue=95852, util=99.47%
job1: (g=0): rw=write, bs=(R) 64.0KiB-64.0KiB, (W) 64.0KiB-64.0KiB, (T) 64.0KiB-64.0KiB, ioengine=libaio, iodepth=10
...
fio-3.34
Starting 10 threads

job1: (groupid=0, jobs=10): err= 0: pid=574: Mon Sep 18 17:55:54 2023
  write: IOPS=4207, BW=263MiB/s (276MB/s)(7891MiB/30008msec); 0 zone resets
    slat (usec): min=249, max=28868, avg=1852.61, stdev=1364.23
    clat (usec): min=360, max=335517, avg=21573.50, stdev=13853.30
     lat (usec): min=853, max=335876, avg=23426.11, stdev=14458.02
    clat percentiles (msec):
     |  1.00th=[    8],  5.00th=[    8], 10.00th=[    9], 20.00th=[   12],
     | 30.00th=[   15], 40.00th=[   17], 50.00th=[   21], 60.00th=[   23],
     | 70.00th=[   26], 80.00th=[   30], 90.00th=[   36], 95.00th=[   40],
     | 99.00th=[   50], 99.50th=[   55], 99.90th=[  228], 99.95th=[  292],
     | 99.99th=[  326]
   bw (  KiB/s): min=74283, max=568293, per=100.00%, avg=270990.80, stdev=10546.07, samples=587
   iops        : min= 1158, max= 8875, avg=4229.50, stdev=164.79, samples=587
  lat (usec)   : 500=0.01%, 750=0.01%, 1000=0.01%
  lat (msec)   : 2=0.01%, 4=0.01%, 10=14.88%, 20=32.16%, 50=52.05%
  lat (msec)   : 100=0.73%, 250=0.10%, 500=0.06%
  cpu          : usr=4.44%, sys=23.88%, ctx=128968, majf=0, minf=10
  IO depths    : 1=0.1%, 2=0.1%, 4=0.1%, 8=99.9%, 16=0.0%, 32=0.0%, >=64=0.0%
     submit    : 0=0.0%, 4=100.0%, 8=0.0%, 16=0.0%, 32=0.0%, 64=0.0%, >=64=0.0%
     complete  : 0=0.0%, 4=100.0%, 8=0.0%, 16=0.1%, 32=0.0%, 64=0.0%, >=64=0.0%
     issued rwts: total=0,126259,0,0 short=0,0,0,0 dropped=0,0,0,0
     latency   : target=0, window=0, percentile=100.00%, depth=10

Run status group 0 (all jobs):
  WRITE: bw=263MiB/s (276MB/s), 263MiB/s-263MiB/s (276MB/s-276MB/s), io=7891MiB (8275MB), run=30008-30008msec

Disk stats (read/write):
  vda: ios=0/125678, merge=0/16, ticks=0/119195, in_queue=119199, util=99.46%
job1: (g=0): rw=write, bs=(R) 128KiB-128KiB, (W) 128KiB-128KiB, (T) 128KiB-128KiB, ioengine=libaio, iodepth=10
...
fio-3.34
Starting 10 threads

job1: (groupid=0, jobs=10): err= 0: pid=587: Mon Sep 18 17:56:47 2023
  write: IOPS=3637, BW=455MiB/s (477MB/s)(10.0GiB/22523msec); 0 zone resets
    slat (usec): min=287, max=33319, avg=1907.38, stdev=1415.38
    clat (usec): min=601, max=271400, avg=21817.98, stdev=12877.71
     lat (usec): min=1240, max=271821, avg=23725.37, stdev=13600.54
    clat percentiles (msec):
     |  1.00th=[    7],  5.00th=[    8], 10.00th=[    9], 20.00th=[   11],
     | 30.00th=[   15], 40.00th=[   17], 50.00th=[   20], 60.00th=[   23],
     | 70.00th=[   28], 80.00th=[   32], 90.00th=[   37], 95.00th=[   43],
     | 99.00th=[   53], 99.50th=[   58], 99.90th=[  178], 99.95th=[  207],
     | 99.99th=[  253]
   bw (  KiB/s): min=269683, max=1199374, per=100.00%, avg=534844.21, stdev=23829.70, samples=382
   iops        : min= 2103, max= 9365, avg=4173.59, stdev=186.17, samples=382
  lat (usec)   : 750=0.01%
  lat (msec)   : 2=0.01%, 4=0.02%, 10=16.83%, 20=33.53%, 50=48.09%
  lat (msec)   : 100=1.39%, 250=0.11%, 500=0.01%
  cpu          : usr=4.79%, sys=27.70%, ctx=84277, majf=0, minf=12
  IO depths    : 1=0.1%, 2=0.1%, 4=0.1%, 8=99.9%, 16=0.0%, 32=0.0%, >=64=0.0%
     submit    : 0=0.0%, 4=100.0%, 8=0.0%, 16=0.0%, 32=0.0%, 64=0.0%, >=64=0.0%
     complete  : 0=0.0%, 4=100.0%, 8=0.0%, 16=0.1%, 32=0.0%, 64=0.0%, >=64=0.0%
     issued rwts: total=0,81920,0,0 short=0,0,0,0 dropped=0,0,0,0
     latency   : target=0, window=0, percentile=100.00%, depth=10

Run status group 0 (all jobs):
  WRITE: bw=455MiB/s (477MB/s), 455MiB/s-455MiB/s (477MB/s-477MB/s), io=10.0GiB (10.7GB), run=22523-22523msec

Disk stats (read/write):
  vda: ios=0/81784, merge=0/12, ticks=0/60541, in_queue=60544, util=99.04%
job1: (g=0): rw=write, bs=(R) 256KiB-256KiB, (W) 256KiB-256KiB, (T) 256KiB-256KiB, ioengine=libaio, iodepth=10
...
fio-3.34
Starting 10 threads

job1: (groupid=0, jobs=10): err= 0: pid=600: Mon Sep 18 17:57:34 2023
  write: IOPS=2579, BW=645MiB/s (676MB/s)(10.0GiB/15880msec); 0 zone resets
    slat (usec): min=315, max=49925, avg=2495.01, stdev=2208.38
    clat (usec): min=158, max=366570, avg=29791.77, stdev=32490.79
     lat (usec): min=1244, max=367651, avg=32286.77, stdev=33139.88
    clat percentiles (msec):
     |  1.00th=[    8],  5.00th=[    9], 10.00th=[    9], 20.00th=[   12],
     | 30.00th=[   15], 40.00th=[   17], 50.00th=[   24], 60.00th=[   28],
     | 70.00th=[   33], 80.00th=[   42], 90.00th=[   53], 95.00th=[   62],
     | 99.00th=[  220], 99.50th=[  262], 99.90th=[  326], 99.95th=[  338],
     | 99.99th=[  355]
   bw (  KiB/s): min=241529, max=2080517, per=100.00%, avg=826842.94, stdev=47322.05, samples=259
   iops        : min=  938, max= 8122, avg=3224.97, stdev=184.84, samples=259
  lat (usec)   : 250=0.01%, 500=0.01%, 750=0.02%
  lat (msec)   : 2=0.02%, 4=0.05%, 10=15.44%, 20=30.67%, 50=42.21%
  lat (msec)   : 100=9.70%, 250=1.27%, 500=0.61%
  cpu          : usr=4.15%, sys=29.03%, ctx=42455, majf=0, minf=11
  IO depths    : 1=0.1%, 2=0.1%, 4=0.1%, 8=99.8%, 16=0.0%, 32=0.0%, >=64=0.0%
     submit    : 0=0.0%, 4=100.0%, 8=0.0%, 16=0.0%, 32=0.0%, 64=0.0%, >=64=0.0%
     complete  : 0=0.0%, 4=100.0%, 8=0.0%, 16=0.1%, 32=0.0%, 64=0.0%, >=64=0.0%
     issued rwts: total=0,40960,0,0 short=0,0,0,0 dropped=0,0,0,0
     latency   : target=0, window=0, percentile=100.00%, depth=10

Run status group 0 (all jobs):
  WRITE: bw=645MiB/s (676MB/s), 645MiB/s-645MiB/s (676MB/s-676MB/s), io=10.0GiB (10.7GB), run=15880-15880msec

Disk stats (read/write):
  vda: ios=0/40824, merge=0/10, ticks=0/175877, in_queue=175879, util=98.59%
job1: (g=0): rw=write, bs=(R) 512KiB-512KiB, (W) 512KiB-512KiB, (T) 512KiB-512KiB, ioengine=libaio, iodepth=10
...
fio-3.34
Starting 10 threads

job1: (groupid=0, jobs=10): err= 0: pid=613: Mon Sep 18 17:58:18 2023
  write: IOPS=1571, BW=786MiB/s (824MB/s)(10.0GiB/13036msec); 0 zone resets
    slat (usec): min=464, max=45311, avg=4893.34, stdev=3592.93
    clat (usec): min=605, max=504538, avg=48729.15, stdev=32412.65
     lat (msec): min=2, max=508, avg=53.62, stdev=33.99
    clat percentiles (msec):
     |  1.00th=[   15],  5.00th=[   17], 10.00th=[   19], 20.00th=[   26],
     | 30.00th=[   32], 40.00th=[   39], 50.00th=[   45], 60.00th=[   51],
     | 70.00th=[   58], 80.00th=[   68], 90.00th=[   80], 95.00th=[   91],
     | 99.00th=[  120], 99.50th=[  224], 99.90th=[  430], 99.95th=[  447],
     | 99.99th=[  498]
   bw (  KiB/s): min=292706, max=2008886, per=100.00%, avg=956214.60, stdev=40518.20, samples=213
   iops        : min=  566, max= 3918, avg=1862.82, stdev=79.10, samples=213
  lat (usec)   : 750=0.02%, 1000=0.02%
  lat (msec)   : 2=0.01%, 4=0.05%, 10=0.11%, 20=11.92%, 50=46.90%
  lat (msec)   : 100=38.36%, 250=2.13%, 500=0.47%, 750=0.01%
  cpu          : usr=2.92%, sys=34.75%, ctx=22769, majf=0, minf=10
  IO depths    : 1=0.1%, 2=0.1%, 4=0.2%, 8=99.7%, 16=0.0%, 32=0.0%, >=64=0.0%
     submit    : 0=0.0%, 4=100.0%, 8=0.0%, 16=0.0%, 32=0.0%, 64=0.0%, >=64=0.0%
     complete  : 0=0.0%, 4=100.0%, 8=0.0%, 16=0.1%, 32=0.0%, 64=0.0%, >=64=0.0%
     issued rwts: total=0,20480,0,0 short=0,0,0,0 dropped=0,0,0,0
     latency   : target=0, window=0, percentile=100.00%, depth=10

Run status group 0 (all jobs):
  WRITE: bw=786MiB/s (824MB/s), 786MiB/s-786MiB/s (824MB/s-824MB/s), io=10.0GiB (10.7GB), run=13036-13036msec

Disk stats (read/write):
  vda: ios=0/20414, merge=0/4, ticks=0/55055, in_queue=55056, util=97.77%
job1: (g=0): rw=write, bs=(R) 1024KiB-1024KiB, (W) 1024KiB-1024KiB, (T) 1024KiB-1024KiB, ioengine=libaio, iodepth=10
...
fio-3.34
Starting 10 threads

job1: (groupid=0, jobs=10): err= 0: pid=626: Mon Sep 18 17:59:05 2023
  write: IOPS=654, BW=654MiB/s (686MB/s)(10.0GiB/15648msec); 0 zone resets
    slat (usec): min=821, max=47973, avg=14067.72, stdev=6692.25
    clat (usec): min=175, max=260235, avg=128621.21, stdev=36887.32
     lat (msec): min=2, max=276, avg=142.69, stdev=40.19
    clat percentiles (msec):
     |  1.00th=[   47],  5.00th=[   58], 10.00th=[   71], 20.00th=[  101],
     | 30.00th=[  112], 40.00th=[  122], 50.00th=[  132], 60.00th=[  142],
     | 70.00th=[  150], 80.00th=[  163], 90.00th=[  176], 95.00th=[  184],
     | 99.00th=[  199], 99.50th=[  205], 99.90th=[  224], 99.95th=[  234],
     | 99.99th=[  259]
   bw (  KiB/s): min=496676, max=1266755, per=100.00%, avg=702076.56, stdev=16811.31, samples=284
   iops        : min=  478, max= 1233, avg=680.30, stdev=16.48, samples=284
  lat (usec)   : 250=0.01%, 1000=0.03%
  lat (msec)   : 2=0.04%, 4=0.01%, 10=0.09%, 20=0.15%, 50=1.67%
  lat (msec)   : 100=17.69%, 250=80.29%, 500=0.03%
  cpu          : usr=1.47%, sys=36.92%, ctx=13766, majf=0, minf=10
  IO depths    : 1=0.1%, 2=0.2%, 4=0.4%, 8=99.3%, 16=0.0%, 32=0.0%, >=64=0.0%
     submit    : 0=0.0%, 4=100.0%, 8=0.0%, 16=0.0%, 32=0.0%, 64=0.0%, >=64=0.0%
     complete  : 0=0.0%, 4=99.9%, 8=0.0%, 16=0.1%, 32=0.0%, 64=0.0%, >=64=0.0%
     issued rwts: total=0,10240,0,0 short=0,0,0,0 dropped=0,0,0,0
     latency   : target=0, window=0, percentile=100.00%, depth=10

Run status group 0 (all jobs):
  WRITE: bw=654MiB/s (686MB/s), 654MiB/s-654MiB/s (686MB/s-686MB/s), io=10.0GiB (10.7GB), run=15648-15648msec

Disk stats (read/write):
  vda: ios=0/10240, merge=0/3, ticks=0/17773, in_queue=17775, util=96.28%
job1: (g=0): rw=randread, bs=(R) 4096B-4096B, (W) 4096B-4096B, (T) 4096B-4096B, ioengine=libaio, iodepth=10
...
fio-3.34
Starting 10 threads

job1: (groupid=0, jobs=10): err= 0: pid=639: Mon Sep 18 18:00:06 2023
  read: IOPS=6448, BW=25.2MiB/s (26.4MB/s)(756MiB/30005msec)
    slat (usec): min=196, max=56918, avg=1073.58, stdev=3469.97
    clat (usec): min=253, max=70174, avg=14268.79, stdev=10013.26
     lat (usec): min=581, max=70537, avg=15342.37, stdev=10261.74
    clat percentiles (usec):
     |  1.00th=[ 4424],  5.00th=[ 4555], 10.00th=[ 4686], 20.00th=[ 4883],
     | 30.00th=[ 5473], 40.00th=[ 8029], 50.00th=[10159], 60.00th=[16581],
     | 70.00th=[19792], 80.00th=[22152], 90.00th=[28967], 95.00th=[33162],
     | 99.00th=[41681], 99.50th=[45876], 99.90th=[53740], 99.95th=[57934],
     | 99.99th=[63177]
   bw (  KiB/s): min=15905, max=49522, per=99.98%, avg=25789.56, stdev=740.39, samples=590
   iops        : min= 3971, max=12377, avg=6443.73, stdev=185.11, samples=590
  lat (usec)   : 500=0.01%, 750=0.01%, 1000=0.01%
  lat (msec)   : 2=0.01%, 4=0.01%, 10=49.80%, 20=20.23%, 50=29.73%
  lat (msec)   : 100=0.22%
  cpu          : usr=4.38%, sys=25.58%, ctx=16042, majf=0, minf=110
  IO depths    : 1=0.1%, 2=0.1%, 4=0.1%, 8=100.0%, 16=0.0%, 32=0.0%, >=64=0.0%
     submit    : 0=0.0%, 4=100.0%, 8=0.0%, 16=0.0%, 32=0.0%, 64=0.0%, >=64=0.0%
     complete  : 0=0.0%, 4=100.0%, 8=0.0%, 16=0.1%, 32=0.0%, 64=0.0%, >=64=0.0%
     issued rwts: total=193487,0,0,0 short=0,0,0,0 dropped=0,0,0,0
     latency   : target=0, window=0, percentile=100.00%, depth=10

Run status group 0 (all jobs):
   READ: bw=25.2MiB/s (26.4MB/s), 25.2MiB/s-25.2MiB/s (26.4MB/s-26.4MB/s), io=756MiB (793MB), run=30005-30005msec

Disk stats (read/write):
  vda: ios=192829/1, merge=0/0, ticks=66250/0, in_queue=66251, util=99.57%
job1: (g=0): rw=randread, bs=(R) 16.0KiB-16.0KiB, (W) 16.0KiB-16.0KiB, (T) 16.0KiB-16.0KiB, ioengine=libaio, iodepth=10
...
fio-3.34
Starting 10 threads

job1: (groupid=0, jobs=10): err= 0: pid=652: Mon Sep 18 18:01:07 2023
  read: IOPS=6301, BW=98.5MiB/s (103MB/s)(2954MiB/30009msec)
    slat (usec): min=204, max=111478, avg=1127.08, stdev=3729.79
    clat (usec): min=128, max=140406, avg=14572.96, stdev=10766.87
     lat (usec): min=901, max=140867, avg=15700.04, stdev=11070.10
    clat percentiles (usec):
     |  1.00th=[ 4490],  5.00th=[ 4621], 10.00th=[ 4752], 20.00th=[ 4948],
     | 30.00th=[ 5473], 40.00th=[ 8029], 50.00th=[ 9503], 60.00th=[14222],
     | 70.00th=[20579], 80.00th=[24773], 90.00th=[29492], 95.00th=[36439],
     | 99.00th=[45351], 99.50th=[49546], 99.90th=[58459], 99.95th=[65274],
     | 99.99th=[80217]
   bw (  KiB/s): min=53258, max=200798, per=100.00%, avg=100876.05, stdev=3232.97, samples=590
   iops        : min= 3324, max=12545, avg=6300.17, stdev=202.06, samples=590
  lat (usec)   : 250=0.01%, 500=0.01%
  lat (msec)   : 2=0.01%, 4=0.01%, 10=51.51%, 20=18.18%, 50=29.88%
  lat (msec)   : 100=0.42%, 250=0.01%
  cpu          : usr=3.82%, sys=25.71%, ctx=15884, majf=0, minf=410
  IO depths    : 1=0.1%, 2=0.1%, 4=0.1%, 8=100.0%, 16=0.0%, 32=0.0%, >=64=0.0%
     submit    : 0=0.0%, 4=100.0%, 8=0.0%, 16=0.0%, 32=0.0%, 64=0.0%, >=64=0.0%
     complete  : 0=0.0%, 4=100.0%, 8=0.0%, 16=0.1%, 32=0.0%, 64=0.0%, >=64=0.0%
     issued rwts: total=189087,0,0,0 short=0,0,0,0 dropped=0,0,0,0
     latency   : target=0, window=0, percentile=100.00%, depth=10

Run status group 0 (all jobs):
   READ: bw=98.5MiB/s (103MB/s), 98.5MiB/s-98.5MiB/s (103MB/s-103MB/s), io=2954MiB (3098MB), run=30009-30009msec

Disk stats (read/write):
  vda: ios=188563/3, merge=0/1, ticks=65538/3, in_queue=65543, util=99.46%
job1: (g=0): rw=randread, bs=(R) 32.0KiB-32.0KiB, (W) 32.0KiB-32.0KiB, (T) 32.0KiB-32.0KiB, ioengine=libaio, iodepth=10
...
fio-3.34
Starting 10 threads

job1: (groupid=0, jobs=10): err= 0: pid=680: Mon Sep 18 18:02:08 2023
  read: IOPS=5954, BW=186MiB/s (195MB/s)(5584MiB/30008msec)
    slat (usec): min=217, max=68749, avg=1212.98, stdev=3833.06
    clat (usec): min=276, max=81711, avg=15408.92, stdev=10942.01
     lat (usec): min=760, max=82133, avg=16621.90, stdev=11241.45
    clat percentiles (usec):
     |  1.00th=[ 4686],  5.00th=[ 4883], 10.00th=[ 5014], 20.00th=[ 5342],
     | 30.00th=[ 6259], 40.00th=[ 8848], 50.00th=[10552], 60.00th=[17171],
     | 70.00th=[21103], 80.00th=[25297], 90.00th=[30278], 95.00th=[36963],
     | 99.00th=[45876], 99.50th=[50594], 99.90th=[61604], 99.95th=[65799],
     | 99.99th=[72877]
   bw (  KiB/s): min=114073, max=377731, per=100.00%, avg=190698.34, stdev=6103.96, samples=590
   iops        : min= 3560, max=11799, avg=5954.56, stdev=190.76, samples=590
  lat (usec)   : 500=0.01%, 750=0.01%, 1000=0.01%
  lat (msec)   : 2=0.01%, 4=0.01%, 10=48.57%, 20=19.40%, 50=31.46%
  lat (msec)   : 100=0.56%
  cpu          : usr=3.73%, sys=25.91%, ctx=16565, majf=0, minf=810
  IO depths    : 1=0.1%, 2=0.1%, 4=0.1%, 8=100.0%, 16=0.0%, 32=0.0%, >=64=0.0%
     submit    : 0=0.0%, 4=100.0%, 8=0.0%, 16=0.0%, 32=0.0%, 64=0.0%, >=64=0.0%
     complete  : 0=0.0%, 4=100.0%, 8=0.0%, 16=0.1%, 32=0.0%, 64=0.0%, >=64=0.0%
     issued rwts: total=178680,0,0,0 short=0,0,0,0 dropped=0,0,0,0
     latency   : target=0, window=0, percentile=100.00%, depth=10

Run status group 0 (all jobs):
   READ: bw=186MiB/s (195MB/s), 186MiB/s-186MiB/s (195MB/s-195MB/s), io=5584MiB (5855MB), run=30008-30008msec

Disk stats (read/write):
  vda: ios=178531/2, merge=1/1, ticks=65242/1, in_queue=65244, util=99.59%
job1: (g=0): rw=randread, bs=(R) 64.0KiB-64.0KiB, (W) 64.0KiB-64.0KiB, (T) 64.0KiB-64.0KiB, ioengine=libaio, iodepth=10
...
fio-3.34
Starting 10 threads

job1: (groupid=0, jobs=10): err= 0: pid=693: Mon Sep 18 18:03:09 2023
  read: IOPS=5376, BW=336MiB/s (352MB/s)(9.85GiB/30001msec)
    slat (usec): min=236, max=53110, avg=1326.67, stdev=3872.49
    clat (usec): min=282, max=99323, avg=16083.53, stdev=10969.33
     lat (usec): min=778, max=103190, avg=17410.20, stdev=11259.01
    clat percentiles (usec):
     |  1.00th=[ 4948],  5.00th=[ 5276], 10.00th=[ 5473], 20.00th=[ 6063],
     | 30.00th=[ 7373], 40.00th=[ 8848], 50.00th=[13173], 60.00th=[17695],
     | 70.00th=[21627], 80.00th=[25560], 90.00th=[31065], 95.00th=[37487],
     | 99.00th=[47449], 99.50th=[52167], 99.90th=[62653], 99.95th=[66847],
     | 99.99th=[78119]
   bw (  KiB/s): min=184653, max=850735, per=100.00%, avg=361649.93, stdev=13670.93, samples=557
   iops        : min= 2880, max=13287, avg=5646.08, stdev=213.61, samples=557
  lat (usec)   : 500=0.01%, 750=0.01%, 1000=0.01%
  lat (msec)   : 2=0.01%, 4=0.02%, 10=45.06%, 20=21.80%, 50=32.32%
  lat (msec)   : 100=0.80%
  cpu          : usr=4.27%, sys=27.23%, ctx=15469, majf=0, minf=1610
  IO depths    : 1=0.1%, 2=0.1%, 4=0.1%, 8=100.0%, 16=0.0%, 32=0.0%, >=64=0.0%
     submit    : 0=0.0%, 4=100.0%, 8=0.0%, 16=0.0%, 32=0.0%, 64=0.0%, >=64=0.0%
     complete  : 0=0.0%, 4=100.0%, 8=0.0%, 16=0.1%, 32=0.0%, 64=0.0%, >=64=0.0%
     issued rwts: total=161312,0,0,0 short=0,0,0,0 dropped=0,0,0,0
     latency   : target=0, window=0, percentile=100.00%, depth=10

Run status group 0 (all jobs):
   READ: bw=336MiB/s (352MB/s), 336MiB/s-336MiB/s (352MB/s-352MB/s), io=9.85GiB (10.6GB), run=30001-30001msec

Disk stats (read/write):
  vda: ios=161101/2, merge=3/1, ticks=62463/1, in_queue=62466, util=99.63%
job1: (g=0): rw=randread, bs=(R) 128KiB-128KiB, (W) 128KiB-128KiB, (T) 128KiB-128KiB, ioengine=libaio, iodepth=10
...
fio-3.34
Starting 10 threads

job1: (groupid=0, jobs=10): err= 0: pid=706: Mon Sep 18 18:03:58 2023
  read: IOPS=4637, BW=580MiB/s (608MB/s)(10.0GiB/17664msec)
    slat (usec): min=239, max=49944, avg=1497.19, stdev=4043.50
    clat (usec): min=258, max=112372, avg=17249.15, stdev=11455.23
     lat (usec): min=769, max=119171, avg=18746.34, stdev=11965.95
    clat percentiles (usec):
     |  1.00th=[ 4817],  5.00th=[ 5669], 10.00th=[ 5997], 20.00th=[ 6652],
     | 30.00th=[ 8291], 40.00th=[ 9634], 50.00th=[14222], 60.00th=[18744],
     | 70.00th=[22414], 80.00th=[26608], 90.00th=[33424], 95.00th=[38536],
     | 99.00th=[51119], 99.50th=[56886], 99.90th=[67634], 99.95th=[74974],
     | 99.99th=[86508]
   bw (  KiB/s): min=359779, max=1472347, per=100.00%, avg=670746.80, stdev=27497.49, samples=303
   iops        : min= 2806, max=11499, avg=5235.20, stdev=214.82, samples=303
  lat (usec)   : 500=0.01%, 750=0.01%, 1000=0.01%
  lat (msec)   : 2=0.01%, 4=0.03%, 10=41.70%, 20=21.85%, 50=35.21%
  lat (msec)   : 100=1.18%, 250=0.01%
  cpu          : usr=4.48%, sys=28.60%, ctx=8638, majf=0, minf=3210
  IO depths    : 1=0.1%, 2=0.1%, 4=0.1%, 8=99.9%, 16=0.0%, 32=0.0%, >=64=0.0%
     submit    : 0=0.0%, 4=100.0%, 8=0.0%, 16=0.0%, 32=0.0%, 64=0.0%, >=64=0.0%
     complete  : 0=0.0%, 4=100.0%, 8=0.0%, 16=0.1%, 32=0.0%, 64=0.0%, >=64=0.0%
     issued rwts: total=81920,0,0,0 short=0,0,0,0 dropped=0,0,0,0
     latency   : target=0, window=0, percentile=100.00%, depth=10

Run status group 0 (all jobs):
   READ: bw=580MiB/s (608MB/s), 580MiB/s-580MiB/s (608MB/s-608MB/s), io=10.0GiB (10.7GB), run=17664-17664msec

Disk stats (read/write):
  vda: ios=81842/0, merge=0/0, ticks=35467/0, in_queue=35468, util=99.13%
job1: (g=0): rw=randread, bs=(R) 256KiB-256KiB, (W) 256KiB-256KiB, (T) 256KiB-256KiB, ioengine=libaio, iodepth=10
...
fio-3.34
Starting 10 threads

job1: (groupid=0, jobs=10): err= 0: pid=719: Mon Sep 18 18:04:40 2023
  read: IOPS=3564, BW=891MiB/s (934MB/s)(10.0GiB/11492msec)
    slat (usec): min=311, max=42117, avg=1928.06, stdev=4344.10
    clat (usec): min=344, max=139120, avg=20740.97, stdev=12582.23
     lat (usec): min=746, max=147771, avg=22669.03, stdev=13454.44
    clat percentiles (msec):
     |  1.00th=[    6],  5.00th=[    7], 10.00th=[    8], 20.00th=[   10],
     | 30.00th=[   11], 40.00th=[   15], 50.00th=[   20], 60.00th=[   23],
     | 70.00th=[   26], 80.00th=[   31], 90.00th=[   38], 95.00th=[   45],
     | 99.00th=[   61], 99.50th=[   66], 99.90th=[   81], 99.95th=[   85],
     | 99.99th=[  104]
   bw (  MiB/s): min=  641, max= 2170, per=100.00%, avg=1075.23, stdev=40.70, samples=181
   iops        : min= 2562, max= 8678, avg=4296.19, stdev=162.84, samples=181
  lat (usec)   : 500=0.01%, 750=0.01%
  lat (msec)   : 2=0.02%, 4=0.03%, 10=23.24%, 20=28.90%, 50=44.78%
  lat (msec)   : 100=3.00%, 250=0.01%
  cpu          : usr=3.87%, sys=32.40%, ctx=5128, majf=0, minf=4372
  IO depths    : 1=0.1%, 2=0.1%, 4=0.1%, 8=99.8%, 16=0.0%, 32=0.0%, >=64=0.0%
     submit    : 0=0.0%, 4=100.0%, 8=0.0%, 16=0.0%, 32=0.0%, 64=0.0%, >=64=0.0%
     complete  : 0=0.0%, 4=100.0%, 8=0.0%, 16=0.1%, 32=0.0%, 64=0.0%, >=64=0.0%
     issued rwts: total=40960,0,0,0 short=0,0,0,0 dropped=0,0,0,0
     latency   : target=0, window=0, percentile=100.00%, depth=10

Run status group 0 (all jobs):
   READ: bw=891MiB/s (934MB/s), 891MiB/s-891MiB/s (934MB/s-934MB/s), io=10.0GiB (10.7GB), run=11492-11492msec

Disk stats (read/write):
  vda: ios=40780/0, merge=1/0, ticks=19213/0, in_queue=19213, util=98.60%
job1: (g=0): rw=randread, bs=(R) 512KiB-512KiB, (W) 512KiB-512KiB, (T) 512KiB-512KiB, ioengine=libaio, iodepth=10
...
fio-3.34
Starting 10 threads

job1: (groupid=0, jobs=10): err= 0: pid=732: Mon Sep 18 18:05:22 2023
  read: IOPS=1864, BW=932MiB/s (977MB/s)(10.0GiB/10986msec)
    slat (usec): min=361, max=79391, avg=4559.51, stdev=6075.39
    clat (usec): min=414, max=142601, avg=44209.22, stdev=17356.23
     lat (msec): min=2, max=172, avg=48.77, stdev=18.80
    clat percentiles (msec):
     |  1.00th=[   13],  5.00th=[   18], 10.00th=[   22], 20.00th=[   28],
     | 30.00th=[   34], 40.00th=[   41], 50.00th=[   45], 60.00th=[   48],
     | 70.00th=[   53], 80.00th=[   59], 90.00th=[   68], 95.00th=[   74],
     | 99.00th=[   87], 99.50th=[   92], 99.90th=[  104], 99.95th=[  113],
     | 99.99th=[  132]
   bw (  KiB/s): min=678625, max=1610854, per=100.00%, avg=1028547.33, stdev=24208.75, samples=197
   iops        : min= 1321, max= 3141, avg=2003.92, stdev=47.28, samples=197
  lat (usec)   : 500=0.01%, 750=0.02%, 1000=0.01%
  lat (msec)   : 4=0.03%, 10=0.17%, 20=7.48%, 50=57.68%, 100=34.45%
  lat (msec)   : 250=0.16%
  cpu          : usr=2.10%, sys=35.22%, ctx=5338, majf=0, minf=2600
  IO depths    : 1=0.1%, 2=0.1%, 4=0.2%, 8=99.7%, 16=0.0%, 32=0.0%, >=64=0.0%
     submit    : 0=0.0%, 4=100.0%, 8=0.0%, 16=0.0%, 32=0.0%, 64=0.0%, >=64=0.0%
     complete  : 0=0.0%, 4=100.0%, 8=0.0%, 16=0.1%, 32=0.0%, 64=0.0%, >=64=0.0%
     issued rwts: total=20480,0,0,0 short=0,0,0,0 dropped=0,0,0,0
     latency   : target=0, window=0, percentile=100.00%, depth=10

Run status group 0 (all jobs):
   READ: bw=932MiB/s (977MB/s), 932MiB/s-932MiB/s (977MB/s-977MB/s), io=10.0GiB (10.7GB), run=10986-10986msec

Disk stats (read/write):
  vda: ios=20241/2, merge=0/1, ticks=10679/2, in_queue=10681, util=98.26%
job1: (g=0): rw=randread, bs=(R) 1024KiB-1024KiB, (W) 1024KiB-1024KiB, (T) 1024KiB-1024KiB, ioengine=libaio, iodepth=10
...
fio-3.34
Starting 10 threads

job1: (groupid=0, jobs=10): err= 0: pid=745: Mon Sep 18 18:06:05 2023
  read: IOPS=889, BW=890MiB/s (933MB/s)(10.0GiB/11506msec)
    slat (usec): min=575, max=70637, avg=9675.34, stdev=7631.00
    clat (usec): min=526, max=196449, avg=89844.83, stdev=28451.51
     lat (msec): min=3, max=223, avg=99.52, stdev=31.01
    clat percentiles (msec):
     |  1.00th=[   28],  5.00th=[   45], 10.00th=[   54], 20.00th=[   66],
     | 30.00th=[   74], 40.00th=[   83], 50.00th=[   92], 60.00th=[   97],
     | 70.00th=[  104], 80.00th=[  115], 90.00th=[  126], 95.00th=[  138],
     | 99.00th=[  159], 99.50th=[  167], 99.90th=[  178], 99.95th=[  180],
     | 99.99th=[  190]
   bw (  KiB/s): min=613379, max=1477143, per=100.00%, avg=997036.88, stdev=20768.56, samples=200
   iops        : min=  593, max= 1440, avg=969.89, stdev=20.34, samples=200
  lat (usec)   : 750=0.03%, 1000=0.02%
  lat (msec)   : 2=0.01%, 4=0.02%, 10=0.11%, 20=0.23%, 50=7.07%
  lat (msec)   : 100=57.68%, 250=34.83%
  cpu          : usr=1.18%, sys=38.61%, ctx=5336, majf=0, minf=2625
  IO depths    : 1=0.1%, 2=0.2%, 4=0.4%, 8=99.3%, 16=0.0%, 32=0.0%, >=64=0.0%
     submit    : 0=0.0%, 4=100.0%, 8=0.0%, 16=0.0%, 32=0.0%, 64=0.0%, >=64=0.0%
     complete  : 0=0.0%, 4=99.9%, 8=0.0%, 16=0.1%, 32=0.0%, 64=0.0%, >=64=0.0%
     issued rwts: total=10240,0,0,0 short=0,0,0,0 dropped=0,0,0,0
     latency   : target=0, window=0, percentile=100.00%, depth=10

Run status group 0 (all jobs):
   READ: bw=890MiB/s (933MB/s), 890MiB/s-890MiB/s (933MB/s-933MB/s), io=10.0GiB (10.7GB), run=11506-11506msec

Disk stats (read/write):
  vda: ios=10341/4, merge=0/1, ticks=6955/3, in_queue=6958, util=97.40%
job1: (g=0): rw=randwrite, bs=(R) 4096B-4096B, (W) 4096B-4096B, (T) 4096B-4096B, ioengine=libaio, iodepth=10
...
fio-3.34
Starting 10 threads

job1: (groupid=0, jobs=10): err= 0: pid=759: Mon Sep 18 18:07:05 2023
  write: IOPS=5397, BW=21.1MiB/s (22.1MB/s)(633MiB/30003msec); 0 zone resets
    slat (usec): min=201, max=24080, avg=1280.91, stdev=969.04
    clat (usec): min=66, max=57174, avg=16991.20, stdev=7215.19
     lat (usec): min=613, max=60534, avg=18272.11, stdev=7590.45
    clat percentiles (usec):
     |  1.00th=[ 5604],  5.00th=[ 6128], 10.00th=[ 8029], 20.00th=[11338],
     | 30.00th=[12125], 40.00th=[13435], 50.00th=[16909], 60.00th=[18220],
     | 70.00th=[19792], 80.00th=[23200], 90.00th=[26346], 95.00th=[29492],
     | 99.00th=[38011], 99.50th=[40633], 99.90th=[46400], 99.95th=[48497],
     | 99.99th=[53216]
   bw (  KiB/s): min=12226, max=45813, per=100.00%, avg=21593.41, stdev=692.34, samples=590
   iops        : min= 3053, max=11451, avg=5394.66, stdev=173.12, samples=590
  lat (usec)   : 100=0.01%, 500=0.01%, 1000=0.01%
  lat (msec)   : 2=0.01%, 4=0.01%, 10=14.57%, 20=56.95%, 50=28.43%
  lat (msec)   : 100=0.03%
  cpu          : usr=4.60%, sys=23.30%, ctx=164267, majf=0, minf=10
  IO depths    : 1=0.1%, 2=0.1%, 4=0.1%, 8=100.0%, 16=0.0%, 32=0.0%, >=64=0.0%
     submit    : 0=0.0%, 4=100.0%, 8=0.0%, 16=0.0%, 32=0.0%, 64=0.0%, >=64=0.0%
     complete  : 0=0.0%, 4=100.0%, 8=0.0%, 16=0.1%, 32=0.0%, 64=0.0%, >=64=0.0%
     issued rwts: total=0,161953,0,0 short=0,0,0,0 dropped=0,0,0,0
     latency   : target=0, window=0, percentile=100.00%, depth=10

Run status group 0 (all jobs):
  WRITE: bw=21.1MiB/s (22.1MB/s), 21.1MiB/s-21.1MiB/s (22.1MB/s-22.1MB/s), io=633MiB (663MB), run=30003-30003msec

Disk stats (read/write):
  vda: ios=0/161298, merge=0/5, ticks=0/63971, in_queue=63975, util=99.54%
job1: (g=0): rw=randwrite, bs=(R) 16.0KiB-16.0KiB, (W) 16.0KiB-16.0KiB, (T) 16.0KiB-16.0KiB, ioengine=libaio, iodepth=10
...
fio-3.34
Starting 10 threads

job1: (groupid=0, jobs=10): err= 0: pid=772: Mon Sep 18 18:08:07 2023
  write: IOPS=5087, BW=79.5MiB/s (83.4MB/s)(2385MiB/30005msec); 0 zone resets
    slat (usec): min=215, max=24813, avg=1367.70, stdev=1061.19
    clat (usec): min=406, max=72586, avg=18025.38, stdev=8501.10
     lat (usec): min=1122, max=77007, avg=19393.08, stdev=8912.78
    clat percentiles (usec):
     |  1.00th=[ 5866],  5.00th=[ 6259], 10.00th=[ 6718], 20.00th=[11469],
     | 30.00th=[12780], 40.00th=[13960], 50.00th=[17957], 60.00th=[19530],
     | 70.00th=[21103], 80.00th=[25035], 90.00th=[29230], 95.00th=[33162],
     | 99.00th=[42206], 99.50th=[45876], 99.90th=[54264], 99.95th=[58459],
     | 99.99th=[66847]
   bw (  KiB/s): min=39140, max=192634, per=100.00%, avg=81467.76, stdev=3156.19, samples=590
   iops        : min= 2443, max=12034, avg=5087.19, stdev=197.27, samples=590
  lat (usec)   : 500=0.01%, 750=0.01%
  lat (msec)   : 2=0.01%, 4=0.01%, 10=17.87%, 20=46.02%, 50=35.88%
  lat (msec)   : 100=0.22%
  cpu          : usr=4.54%, sys=23.91%, ctx=154573, majf=0, minf=10
  IO depths    : 1=0.1%, 2=0.1%, 4=0.1%, 8=100.0%, 16=0.0%, 32=0.0%, >=64=0.0%
     submit    : 0=0.0%, 4=100.0%, 8=0.0%, 16=0.0%, 32=0.0%, 64=0.0%, >=64=0.0%
     complete  : 0=0.0%, 4=100.0%, 8=0.0%, 16=0.1%, 32=0.0%, 64=0.0%, >=64=0.0%
     issued rwts: total=0,152656,0,0 short=0,0,0,0 dropped=0,0,0,0
     latency   : target=0, window=0, percentile=100.00%, depth=10

Run status group 0 (all jobs):
  WRITE: bw=79.5MiB/s (83.4MB/s), 79.5MiB/s-79.5MiB/s (83.4MB/s-83.4MB/s), io=2385MiB (2501MB), run=30005-30005msec

Disk stats (read/write):
  vda: ios=0/152184, merge=0/7, ticks=0/65803, in_queue=65808, util=99.50%
job1: (g=0): rw=randwrite, bs=(R) 32.0KiB-32.0KiB, (W) 32.0KiB-32.0KiB, (T) 32.0KiB-32.0KiB, ioengine=libaio, iodepth=10
...
fio-3.34
Starting 10 threads

job1: (groupid=0, jobs=10): err= 0: pid=785: Mon Sep 18 18:09:08 2023
  write: IOPS=4763, BW=149MiB/s (156MB/s)(4466MiB/30003msec); 0 zone resets
    slat (usec): min=222, max=27618, avg=1558.40, stdev=1150.35
    clat (usec): min=66, max=80178, avg=19185.67, stdev=8366.97
     lat (usec): min=792, max=80766, avg=20744.07, stdev=8857.70
    clat percentiles (usec):
     |  1.00th=[ 6456],  5.00th=[ 6980], 10.00th=[ 7963], 20.00th=[12780],
     | 30.00th=[13960], 40.00th=[15270], 50.00th=[19530], 60.00th=[20841],
     | 70.00th=[22152], 80.00th=[25822], 90.00th=[30016], 95.00th=[34341],
     | 99.00th=[43254], 99.50th=[46924], 99.90th=[53740], 99.95th=[55313],
     | 99.99th=[62129]
   bw (  KiB/s): min=78009, max=293928, per=100.00%, avg=152467.51, stdev=4711.38, samples=590
   iops        : min= 2434, max= 9181, avg=4759.73, stdev=147.22, samples=590
  lat (usec)   : 100=0.01%, 500=0.01%, 750=0.01%
  lat (msec)   : 2=0.01%, 4=0.01%, 10=14.42%, 20=39.41%, 50=45.91%
  lat (msec)   : 100=0.24%
  cpu          : usr=4.67%, sys=23.73%, ctx=144444, majf=0, minf=10
  IO depths    : 1=0.1%, 2=0.1%, 4=0.1%, 8=100.0%, 16=0.0%, 32=0.0%, >=64=0.0%
     submit    : 0=0.0%, 4=100.0%, 8=0.0%, 16=0.0%, 32=0.0%, 64=0.0%, >=64=0.0%
     complete  : 0=0.0%, 4=100.0%, 8=0.0%, 16=0.1%, 32=0.0%, 64=0.0%, >=64=0.0%
     issued rwts: total=0,142913,0,0 short=0,0,0,0 dropped=0,0,0,0
     latency   : target=0, window=0, percentile=100.00%, depth=10

Run status group 0 (all jobs):
  WRITE: bw=149MiB/s (156MB/s), 149MiB/s-149MiB/s (156MB/s-156MB/s), io=4466MiB (4683MB), run=30003-30003msec

Disk stats (read/write):
  vda: ios=0/142365, merge=0/6, ticks=0/77190, in_queue=77193, util=99.43%
job1: (g=0): rw=randwrite, bs=(R) 64.0KiB-64.0KiB, (W) 64.0KiB-64.0KiB, (T) 64.0KiB-64.0KiB, ioengine=libaio, iodepth=10
...
fio-3.34
Starting 10 threads

job1: (groupid=0, jobs=10): err= 0: pid=798: Mon Sep 18 18:10:09 2023
  write: IOPS=4457, BW=279MiB/s (292MB/s)(8360MiB/30006msec); 0 zone resets
    slat (usec): min=238, max=19167, avg=1702.81, stdev=1267.19
    clat (usec): min=537, max=84967, avg=20482.07, stdev=9866.56
     lat (usec): min=1072, max=86066, avg=22184.88, stdev=10490.87
    clat percentiles (usec):
     |  1.00th=[ 6652],  5.00th=[ 7111], 10.00th=[ 7439], 20.00th=[10421],
     | 30.00th=[14353], 40.00th=[16319], 50.00th=[20579], 60.00th=[22414],
     | 70.00th=[25035], 80.00th=[28967], 90.00th=[33424], 95.00th=[37487],
     | 99.00th=[47973], 99.50th=[52691], 99.90th=[60031], 99.95th=[62129],
     | 99.99th=[68682]
   bw (  KiB/s): min=146656, max=704816, per=100.00%, avg=285454.63, stdev=11456.43, samples=590
   iops        : min= 2288, max=11007, avg=4455.19, stdev=178.99, samples=590
  lat (usec)   : 750=0.01%, 1000=0.01%
  lat (msec)   : 2=0.01%, 4=0.01%, 10=18.95%, 20=28.35%, 50=51.91%
  lat (msec)   : 100=0.78%
  cpu          : usr=4.70%, sys=23.78%, ctx=136214, majf=0, minf=12
  IO depths    : 1=0.1%, 2=0.1%, 4=0.1%, 8=99.9%, 16=0.0%, 32=0.0%, >=64=0.0%
     submit    : 0=0.0%, 4=100.0%, 8=0.0%, 16=0.0%, 32=0.0%, 64=0.0%, >=64=0.0%
     complete  : 0=0.0%, 4=100.0%, 8=0.0%, 16=0.1%, 32=0.0%, 64=0.0%, >=64=0.0%
     issued rwts: total=0,133765,0,0 short=0,0,0,0 dropped=0,0,0,0
     latency   : target=0, window=0, percentile=100.00%, depth=10

Run status group 0 (all jobs):
  WRITE: bw=279MiB/s (292MB/s), 279MiB/s-279MiB/s (292MB/s-292MB/s), io=8360MiB (8766MB), run=30006-30006msec

Disk stats (read/write):
  vda: ios=0/133439, merge=0/7, ticks=0/70589, in_queue=70592, util=99.54%
job1: (g=0): rw=randwrite, bs=(R) 128KiB-128KiB, (W) 128KiB-128KiB, (T) 128KiB-128KiB, ioengine=libaio, iodepth=10
...
fio-3.34
Starting 10 threads

job1: (groupid=0, jobs=10): err= 0: pid=811: Mon Sep 18 18:11:02 2023
  write: IOPS=3598, BW=450MiB/s (472MB/s)(10.0GiB/22763msec); 0 zone resets
    slat (usec): min=281, max=34468, avg=1926.66, stdev=1468.34
    clat (usec): min=469, max=209680, avg=21625.32, stdev=12652.57
     lat (usec): min=935, max=210317, avg=23551.98, stdev=13526.01
    clat percentiles (msec):
     |  1.00th=[    7],  5.00th=[    8], 10.00th=[    9], 20.00th=[   11],
     | 30.00th=[   14], 40.00th=[   16], 50.00th=[   20], 60.00th=[   23],
     | 70.00th=[   27], 80.00th=[   32], 90.00th=[   39], 95.00th=[   45],
     | 99.00th=[   57], 99.50th=[   65], 99.90th=[   88], 99.95th=[  163],
     | 99.99th=[  192]
   bw (  KiB/s): min=272667, max=1276451, per=100.00%, avg=544828.57, stdev=25437.88, samples=381
   iops        : min= 2126, max= 9967, avg=4251.72, stdev=198.74, samples=381
  lat (usec)   : 500=0.01%, 750=0.01%, 1000=0.01%
  lat (msec)   : 2=0.01%, 4=0.02%, 10=18.59%, 20=32.62%, 50=46.33%
  lat (msec)   : 100=2.33%, 250=0.08%
  cpu          : usr=4.90%, sys=28.95%, ctx=84521, majf=0, minf=12
  IO depths    : 1=0.1%, 2=0.1%, 4=0.1%, 8=99.9%, 16=0.0%, 32=0.0%, >=64=0.0%
     submit    : 0=0.0%, 4=100.0%, 8=0.0%, 16=0.0%, 32=0.0%, 64=0.0%, >=64=0.0%
     complete  : 0=0.0%, 4=100.0%, 8=0.0%, 16=0.1%, 32=0.0%, 64=0.0%, >=64=0.0%
     issued rwts: total=0,81920,0,0 short=0,0,0,0 dropped=0,0,0,0
     latency   : target=0, window=0, percentile=100.00%, depth=10

Run status group 0 (all jobs):
  WRITE: bw=450MiB/s (472MB/s), 450MiB/s-450MiB/s (472MB/s-472MB/s), io=10.0GiB (10.7GB), run=22763-22763msec

Disk stats (read/write):
  vda: ios=0/81760, merge=0/7, ticks=0/57194, in_queue=57196, util=99.31%
job1: (g=0): rw=randwrite, bs=(R) 256KiB-256KiB, (W) 256KiB-256KiB, (T) 256KiB-256KiB, ioengine=libaio, iodepth=10
...
fio-3.34
Starting 10 threads

job1: (groupid=0, jobs=10): err= 0: pid=824: Mon Sep 18 18:11:50 2023
  write: IOPS=2430, BW=608MiB/s (637MB/s)(10.0GiB/16851msec); 0 zone resets
    slat (usec): min=305, max=30370, avg=3029.94, stdev=2232.31
    clat (usec): min=549, max=102334, avg=30961.73, stdev=16053.14
     lat (usec): min=1062, max=120807, avg=33991.67, stdev=17517.06
    clat percentiles (usec):
     |  1.00th=[ 7439],  5.00th=[ 8979], 10.00th=[11207], 20.00th=[15270],
     | 30.00th=[19792], 40.00th=[25560], 50.00th=[30278], 60.00th=[33162],
     | 70.00th=[38011], 80.00th=[44303], 90.00th=[52691], 95.00th=[61604],
     | 99.00th=[73925], 99.50th=[78119], 99.90th=[86508], 99.95th=[90702],
     | 99.99th=[98042]
   bw (  KiB/s): min=411763, max=1763860, per=100.00%, avg=783137.66, stdev=34564.67, samples=273
   iops        : min= 1604, max= 6885, avg=3053.78, stdev=135.03, samples=273
  lat (usec)   : 750=0.01%, 1000=0.01%
  lat (msec)   : 2=0.01%, 4=0.04%, 10=6.35%, 20=23.93%, 50=57.40%
  lat (msec)   : 100=12.26%, 250=0.01%
  cpu          : usr=4.12%, sys=32.88%, ctx=43458, majf=0, minf=12
  IO depths    : 1=0.1%, 2=0.1%, 4=0.1%, 8=99.8%, 16=0.0%, 32=0.0%, >=64=0.0%
     submit    : 0=0.0%, 4=100.0%, 8=0.0%, 16=0.0%, 32=0.0%, 64=0.0%, >=64=0.0%
     complete  : 0=0.0%, 4=100.0%, 8=0.0%, 16=0.1%, 32=0.0%, 64=0.0%, >=64=0.0%
     issued rwts: total=0,40960,0,0 short=0,0,0,0 dropped=0,0,0,0
     latency   : target=0, window=0, percentile=100.00%, depth=10

Run status group 0 (all jobs):
  WRITE: bw=608MiB/s (637MB/s), 608MiB/s-608MiB/s (637MB/s-637MB/s), io=10.0GiB (10.7GB), run=16851-16851msec

Disk stats (read/write):
  vda: ios=0/40918, merge=0/3, ticks=0/36103, in_queue=36106, util=98.80%
job1: (g=0): rw=randwrite, bs=(R) 512KiB-512KiB, (W) 512KiB-512KiB, (T) 512KiB-512KiB, ioengine=libaio, iodepth=10
...
fio-3.34
Starting 10 threads

job1: (groupid=0, jobs=10): err= 0: pid=837: Mon Sep 18 18:12:34 2023
  write: IOPS=1661, BW=831MiB/s (871MB/s)(10.0GiB/12324msec); 0 zone resets
    slat (usec): min=453, max=28662, avg=4750.87, stdev=3345.62
    clat (usec): min=154, max=190819, avg=46253.70, stdev=23169.36
     lat (usec): min=1857, max=193680, avg=51004.57, stdev=25116.69
    clat percentiles (msec):
     |  1.00th=[   14],  5.00th=[   17], 10.00th=[   20], 20.00th=[   26],
     | 30.00th=[   31], 40.00th=[   37], 50.00th=[   44], 60.00th=[   49],
     | 70.00th=[   56], 80.00th=[   66], 90.00th=[   79], 95.00th=[   88],
     | 99.00th=[  110], 99.50th=[  123], 99.90th=[  165], 99.95th=[  178],
     | 99.99th=[  188]
   bw (  KiB/s): min=605259, max=1895615, per=100.00%, avg=1016303.02, stdev=35774.15, samples=204
   iops        : min= 1178, max= 3697, avg=1980.11, stdev=69.85, samples=204
  lat (usec)   : 250=0.01%, 500=0.01%, 750=0.01%, 1000=0.01%
  lat (msec)   : 2=0.01%, 4=0.03%, 10=0.15%, 20=11.17%, 50=50.87%
  lat (msec)   : 100=35.82%, 250=1.92%
  cpu          : usr=3.50%, sys=35.36%, ctx=22526, majf=0, minf=10
  IO depths    : 1=0.1%, 2=0.1%, 4=0.2%, 8=99.7%, 16=0.0%, 32=0.0%, >=64=0.0%
     submit    : 0=0.0%, 4=100.0%, 8=0.0%, 16=0.0%, 32=0.0%, 64=0.0%, >=64=0.0%
     complete  : 0=0.0%, 4=100.0%, 8=0.0%, 16=0.1%, 32=0.0%, 64=0.0%, >=64=0.0%
     issued rwts: total=0,20480,0,0 short=0,0,0,0 dropped=0,0,0,0
     latency   : target=0, window=0, percentile=100.00%, depth=10

Run status group 0 (all jobs):
  WRITE: bw=831MiB/s (871MB/s), 831MiB/s-831MiB/s (871MB/s-871MB/s), io=10.0GiB (10.7GB), run=12324-12324msec

Disk stats (read/write):
  vda: ios=0/20273, merge=0/2, ticks=0/44954, in_queue=44955, util=97.90%
job1: (g=0): rw=randwrite, bs=(R) 1024KiB-1024KiB, (W) 1024KiB-1024KiB, (T) 1024KiB-1024KiB, ioengine=libaio, iodepth=10
...
fio-3.34
Starting 10 threads

job1: (groupid=0, jobs=10): err= 0: pid=850: Mon Sep 18 18:13:17 2023
  write: IOPS=838, BW=838MiB/s (879MB/s)(10.0GiB/12216msec); 0 zone resets
    slat (usec): min=663, max=64556, avg=10296.18, stdev=5740.07
    clat (usec): min=887, max=289523, avg=95713.35, stdev=35512.53
     lat (msec): min=2, max=329, avg=106.01, stdev=38.59
    clat percentiles (msec):
     |  1.00th=[   33],  5.00th=[   39], 10.00th=[   46], 20.00th=[   65],
     | 30.00th=[   75], 40.00th=[   87], 50.00th=[   97], 60.00th=[  107],
     | 70.00th=[  116], 80.00th=[  127], 90.00th=[  140], 95.00th=[  150],
     | 99.00th=[  176], 99.50th=[  201], 99.90th=[  264], 99.95th=[  275],
     | 99.99th=[  288]
   bw (  KiB/s): min=657709, max=1791974, per=100.00%, avg=952175.52, stdev=28317.79, samples=211
   iops        : min=  637, max= 1745, avg=925.49, stdev=27.68, samples=211
  lat (usec)   : 1000=0.01%
  lat (msec)   : 2=0.04%, 4=0.01%, 10=0.07%, 20=0.15%, 50=12.98%
  lat (msec)   : 100=39.35%, 250=47.21%, 500=0.20%
  cpu          : usr=2.17%, sys=36.66%, ctx=12563, majf=0, minf=10
  IO depths    : 1=0.1%, 2=0.2%, 4=0.4%, 8=99.3%, 16=0.0%, 32=0.0%, >=64=0.0%
     submit    : 0=0.0%, 4=100.0%, 8=0.0%, 16=0.0%, 32=0.0%, 64=0.0%, >=64=0.0%
     complete  : 0=0.0%, 4=99.9%, 8=0.0%, 16=0.1%, 32=0.0%, 64=0.0%, >=64=0.0%
     issued rwts: total=0,10240,0,0 short=0,0,0,0 dropped=0,0,0,0
     latency   : target=0, window=0, percentile=100.00%, depth=10

Run status group 0 (all jobs):
  WRITE: bw=838MiB/s (879MB/s), 838MiB/s-838MiB/s (879MB/s-879MB/s), io=10.0GiB (10.7GB), run=12216-12216msec

Disk stats (read/write):
  vda: ios=0/10210, merge=0/4, ticks=0/37729, in_queue=37730, util=97.37%
job1: (g=0): rw=randrw, bs=(R) 4096B-4096B, (W) 4096B-4096B, (T) 4096B-4096B, ioengine=libaio, iodepth=10
...
fio-3.34
Starting 10 threads

job1: (groupid=0, jobs=10): err= 0: pid=863: Mon Sep 18 18:14:18 2023
  read: IOPS=4205, BW=16.4MiB/s (17.2MB/s)(493MiB/30010msec)
    slat (usec): min=201, max=38977, avg=1224.22, stdev=2429.74
    clat (usec): min=234, max=82553, avg=15100.30, stdev=7695.94
     lat (usec): min=574, max=82888, avg=16324.52, stdev=8113.45
    clat percentiles (usec):
     |  1.00th=[ 4686],  5.00th=[ 5145], 10.00th=[ 5735], 20.00th=[ 8356],
     | 30.00th=[ 9634], 40.00th=[11731], 50.00th=[13829], 60.00th=[16188],
     | 70.00th=[18482], 80.00th=[21365], 90.00th=[25560], 95.00th=[29492],
     | 99.00th=[37487], 99.50th=[40633], 99.90th=[48497], 99.95th=[51643],
     | 99.99th=[58983]
   bw (  KiB/s): min= 9544, max=34921, per=99.96%, avg=16816.92, stdev=561.42, samples=590
   iops        : min= 2383, max= 8728, avg=4200.71, stdev=140.34, samples=590
  write: IOPS=1801, BW=7206KiB/s (7379kB/s)(211MiB/30010msec); 0 zone resets
    slat (usec): min=206, max=37967, avg=1283.01, stdev=2462.70
    clat (usec): min=375, max=61672, avg=15463.10, stdev=7688.91
     lat (usec): min=800, max=77540, avg=16746.11, stdev=8109.23
    clat percentiles (usec):
     |  1.00th=[ 4883],  5.00th=[ 5342], 10.00th=[ 6128], 20.00th=[ 8586],
     | 30.00th=[10028], 40.00th=[12125], 50.00th=[14353], 60.00th=[16581],
     | 70.00th=[18744], 80.00th=[21627], 90.00th=[25822], 95.00th=[29754],
     | 99.00th=[38011], 99.50th=[41157], 99.90th=[49021], 99.95th=[51643],
     | 99.99th=[58983]
   bw (  KiB/s): min= 3887, max=14679, per=100.00%, avg=7206.51, stdev=239.99, samples=590
   iops        : min=  970, max= 3667, avg=1798.08, stdev=60.00, samples=590
  lat (usec)   : 250=0.01%, 500=0.01%, 750=0.01%, 1000=0.01%
  lat (msec)   : 2=0.01%, 4=0.01%, 10=31.19%, 20=44.11%, 50=24.60%
  lat (msec)   : 100=0.08%
  cpu          : usr=4.62%, sys=24.47%, ctx=63365, majf=0, minf=10
  IO depths    : 1=0.1%, 2=0.1%, 4=0.1%, 8=100.0%, 16=0.0%, 32=0.0%, >=64=0.0%
     submit    : 0=0.0%, 4=100.0%, 8=0.0%, 16=0.0%, 32=0.0%, 64=0.0%, >=64=0.0%
     complete  : 0=0.0%, 4=100.0%, 8=0.0%, 16=0.1%, 32=0.0%, 64=0.0%, >=64=0.0%
     issued rwts: total=126211,54062,0,0 short=0,0,0,0 dropped=0,0,0,0
     latency   : target=0, window=0, percentile=100.00%, depth=10

Run status group 0 (all jobs):
   READ: bw=16.4MiB/s (17.2MB/s), 16.4MiB/s-16.4MiB/s (17.2MB/s-17.2MB/s), io=493MiB (517MB), run=30010-30010msec
  WRITE: bw=7206KiB/s (7379kB/s), 7206KiB/s-7206KiB/s (7379kB/s-7379kB/s), io=211MiB (221MB), run=30010-30010msec

Disk stats (read/write):
  vda: ios=125977/53976, merge=0/6, ticks=43536/21139, in_queue=64678, util=99.67%
job1: (g=0): rw=randrw, bs=(R) 16.0KiB-16.0KiB, (W) 16.0KiB-16.0KiB, (T) 16.0KiB-16.0KiB, ioengine=libaio, iodepth=10
...
fio-3.34
Starting 10 threads

job1: (groupid=0, jobs=10): err= 0: pid=876: Mon Sep 18 18:15:19 2023
  read: IOPS=4008, BW=62.6MiB/s (65.7MB/s)(1879MiB/30004msec)
    slat (usec): min=200, max=46370, avg=1281.85, stdev=2583.74
    clat (usec): min=131, max=64675, avg=15860.24, stdev=8338.30
     lat (usec): min=534, max=66941, avg=17142.09, stdev=8822.68
    clat percentiles (usec):
     |  1.00th=[ 4883],  5.00th=[ 5407], 10.00th=[ 6063], 20.00th=[ 8225],
     | 30.00th=[ 9634], 40.00th=[12125], 50.00th=[14615], 60.00th=[17171],
     | 70.00th=[19792], 80.00th=[22676], 90.00th=[27132], 95.00th=[31327],
     | 99.00th=[39584], 99.50th=[43254], 99.90th=[50594], 99.95th=[53740],
     | 99.99th=[59507]
   bw (  KiB/s): min=36483, max=140289, per=100.00%, avg=64161.92, stdev=2311.36, samples=590
   iops        : min= 2276, max= 8764, avg=4005.58, stdev=144.47, samples=590
  write: IOPS=1717, BW=26.8MiB/s (28.1MB/s)(805MiB/30004msec); 0 zone resets
    slat (usec): min=214, max=36793, avg=1353.33, stdev=2625.64
    clat (usec): min=583, max=73208, avg=16183.69, stdev=8351.59
     lat (usec): min=1096, max=73694, avg=17537.02, stdev=8850.47
    clat percentiles (usec):
     |  1.00th=[ 5145],  5.00th=[ 5669], 10.00th=[ 6325], 20.00th=[ 8455],
     | 30.00th=[10028], 40.00th=[12387], 50.00th=[14877], 60.00th=[17433],
     | 70.00th=[20055], 80.00th=[23200], 90.00th=[27657], 95.00th=[31589],
     | 99.00th=[39584], 99.50th=[43254], 99.90th=[51119], 99.95th=[55313],
     | 99.99th=[60556]
   bw (  KiB/s): min=14840, max=60036, per=100.00%, avg=27514.69, stdev=1005.21, samples=590
   iops        : min=  924, max= 3748, avg=1715.64, stdev=62.77, samples=590
  lat (usec)   : 250=0.01%, 500=0.01%, 750=0.01%, 1000=0.01%
  lat (msec)   : 2=0.01%, 4=0.01%, 10=31.26%, 20=39.43%, 50=29.17%
  lat (msec)   : 100=0.12%
  cpu          : usr=4.26%, sys=25.07%, ctx=61380, majf=0, minf=10
  IO depths    : 1=0.1%, 2=0.1%, 4=0.1%, 8=100.0%, 16=0.0%, 32=0.0%, >=64=0.0%
     submit    : 0=0.0%, 4=100.0%, 8=0.0%, 16=0.0%, 32=0.0%, 64=0.0%, >=64=0.0%
     complete  : 0=0.0%, 4=100.0%, 8=0.0%, 16=0.1%, 32=0.0%, 64=0.0%, >=64=0.0%
     issued rwts: total=120259,51541,0,0 short=0,0,0,0 dropped=0,0,0,0
     latency   : target=0, window=0, percentile=100.00%, depth=10

Run status group 0 (all jobs):
   READ: bw=62.6MiB/s (65.7MB/s), 62.6MiB/s-62.6MiB/s (65.7MB/s-65.7MB/s), io=1879MiB (1970MB), run=30004-30004msec
  WRITE: bw=26.8MiB/s (28.1MB/s), 26.8MiB/s-26.8MiB/s (28.1MB/s-28.1MB/s), io=805MiB (844MB), run=30004-30004msec

Disk stats (read/write):
  vda: ios=120137/51505, merge=0/5, ticks=43710/21560, in_queue=65273, util=99.53%
job1: (g=0): rw=randrw, bs=(R) 32.0KiB-32.0KiB, (W) 32.0KiB-32.0KiB, (T) 32.0KiB-32.0KiB, ioengine=libaio, iodepth=10
...
fio-3.34
Starting 10 threads

job1: (groupid=0, jobs=10): err= 0: pid=889: Mon Sep 18 18:16:20 2023
  read: IOPS=3668, BW=115MiB/s (120MB/s)(3440MiB/30007msec)
    slat (usec): min=225, max=38249, avg=1472.03, stdev=2771.21
    clat (usec): min=287, max=77259, avg=17298.27, stdev=8664.39
     lat (usec): min=556, max=77906, avg=18770.30, stdev=9175.20
    clat percentiles (usec):
     |  1.00th=[ 5342],  5.00th=[ 5997], 10.00th=[ 6849], 20.00th=[ 9503],
     | 30.00th=[11338], 40.00th=[13566], 50.00th=[15926], 60.00th=[18482],
     | 70.00th=[21103], 80.00th=[24249], 90.00th=[29230], 95.00th=[33424],
     | 99.00th=[42206], 99.50th=[45351], 99.90th=[52691], 99.95th=[55837],
     | 99.99th=[61604]
   bw (  KiB/s): min=67392, max=237489, per=100.00%, avg=117441.54, stdev=3923.37, samples=590
   iops        : min= 2100, max= 7417, avg=3665.36, stdev=122.60, samples=590
  write: IOPS=1574, BW=49.2MiB/s (51.6MB/s)(1476MiB/30007msec); 0 zone resets
    slat (usec): min=228, max=33350, avg=1531.51, stdev=2796.27
    clat (usec): min=454, max=64339, avg=17653.19, stdev=8701.53
     lat (usec): min=1647, max=74589, avg=19184.70, stdev=9239.26
    clat percentiles (usec):
     |  1.00th=[ 5604],  5.00th=[ 6259], 10.00th=[ 7242], 20.00th=[ 9896],
     | 30.00th=[11731], 40.00th=[13829], 50.00th=[16188], 60.00th=[18744],
     | 70.00th=[21365], 80.00th=[24511], 90.00th=[29754], 95.00th=[33817],
     | 99.00th=[42730], 99.50th=[46400], 99.90th=[52691], 99.95th=[55837],
     | 99.99th=[60031]
   bw (  KiB/s): min=26000, max=102361, per=100.00%, avg=50388.46, stdev=1718.35, samples=590
   iops        : min=  808, max= 3194, avg=1570.27, stdev=53.64, samples=590
  lat (usec)   : 500=0.01%, 750=0.01%, 1000=0.01%
  lat (msec)   : 2=0.01%, 4=0.01%, 10=22.61%, 20=43.13%, 50=34.04%
  lat (msec)   : 100=0.20%
  cpu          : usr=4.23%, sys=25.12%, ctx=57120, majf=0, minf=13
  IO depths    : 1=0.1%, 2=0.1%, 4=0.1%, 8=100.0%, 16=0.0%, 32=0.0%, >=64=0.0%
     submit    : 0=0.0%, 4=100.0%, 8=0.0%, 16=0.0%, 32=0.0%, 64=0.0%, >=64=0.0%
     complete  : 0=0.0%, 4=100.0%, 8=0.0%, 16=0.1%, 32=0.0%, 64=0.0%, >=64=0.0%
     issued rwts: total=110077,47234,0,0 short=0,0,0,0 dropped=0,0,0,0
     latency   : target=0, window=0, percentile=100.00%, depth=10

Run status group 0 (all jobs):
   READ: bw=115MiB/s (120MB/s), 115MiB/s-115MiB/s (120MB/s-120MB/s), io=3440MiB (3607MB), run=30007-30007msec
  WRITE: bw=49.2MiB/s (51.6MB/s), 49.2MiB/s-49.2MiB/s (51.6MB/s-51.6MB/s), io=1476MiB (1548MB), run=30007-30007msec

Disk stats (read/write):
  vda: ios=109564/47026, merge=0/5, ticks=42022/20836, in_queue=62862, util=99.40%
job1: (g=0): rw=randrw, bs=(R) 64.0KiB-64.0KiB, (W) 64.0KiB-64.0KiB, (T) 64.0KiB-64.0KiB, ioengine=libaio, iodepth=10
...
fio-3.34
Starting 10 threads

job1: (groupid=0, jobs=10): err= 0: pid=902: Mon Sep 18 18:17:21 2023
  read: IOPS=3580, BW=224MiB/s (235MB/s)(6716MiB/30006msec)
    slat (usec): min=239, max=45186, avg=1517.06, stdev=2893.33
    clat (usec): min=286, max=75625, avg=17612.26, stdev=9497.79
     lat (usec): min=841, max=78748, avg=19129.33, stdev=10086.02
    clat percentiles (usec):
     |  1.00th=[ 5604],  5.00th=[ 6063], 10.00th=[ 6587], 20.00th=[ 8979],
     | 30.00th=[10683], 40.00th=[13304], 50.00th=[15926], 60.00th=[18744],
     | 70.00th=[21890], 80.00th=[25297], 90.00th=[30802], 95.00th=[35390],
     | 99.00th=[45351], 99.50th=[49021], 99.90th=[57410], 99.95th=[61604],
     | 99.99th=[72877]
   bw (  KiB/s): min=119119, max=523836, per=100.00%, avg=230136.91, stdev=8639.95, samples=587
   iops        : min= 1854, max= 8181, avg=3591.10, stdev=135.00, samples=587
  write: IOPS=1539, BW=96.2MiB/s (101MB/s)(2887MiB/30006msec); 0 zone resets
    slat (usec): min=248, max=36602, avg=1598.06, stdev=2950.93
    clat (usec): min=941, max=78459, avg=17947.23, stdev=9534.94
     lat (usec): min=1508, max=79228, avg=19545.30, stdev=10147.69
    clat percentiles (usec):
     |  1.00th=[ 5800],  5.00th=[ 6325], 10.00th=[ 6849], 20.00th=[ 9372],
     | 30.00th=[11076], 40.00th=[13566], 50.00th=[16188], 60.00th=[19006],
     | 70.00th=[22152], 80.00th=[25822], 90.00th=[31065], 95.00th=[35914],
     | 99.00th=[45876], 99.50th=[49546], 99.90th=[57410], 99.95th=[61080],
     | 99.99th=[74974]
   bw (  KiB/s): min=48023, max=228529, per=100.00%, avg=98952.09, stdev=3775.54, samples=587
   iops        : min=  746, max= 3565, avg=1541.78, stdev=58.91, samples=587
  lat (usec)   : 500=0.01%, 750=0.01%, 1000=0.01%
  lat (msec)   : 2=0.01%, 4=0.01%, 10=26.07%, 20=37.85%, 50=35.61%
  lat (msec)   : 100=0.44%
  cpu          : usr=4.32%, sys=24.92%, ctx=56363, majf=0, minf=10
  IO depths    : 1=0.1%, 2=0.1%, 4=0.1%, 8=100.0%, 16=0.0%, 32=0.0%, >=64=0.0%
     submit    : 0=0.0%, 4=100.0%, 8=0.0%, 16=0.0%, 32=0.0%, 64=0.0%, >=64=0.0%
     complete  : 0=0.0%, 4=100.0%, 8=0.0%, 16=0.1%, 32=0.0%, 64=0.0%, >=64=0.0%
     issued rwts: total=107449,46194,0,0 short=0,0,0,0 dropped=0,0,0,0
     latency   : target=0, window=0, percentile=100.00%, depth=10

Run status group 0 (all jobs):
   READ: bw=224MiB/s (235MB/s), 224MiB/s-224MiB/s (235MB/s-235MB/s), io=6716MiB (7042MB), run=30006-30006msec
  WRITE: bw=96.2MiB/s (101MB/s), 96.2MiB/s-96.2MiB/s (101MB/s-101MB/s), io=2887MiB (3027MB), run=30006-30006msec

Disk stats (read/write):
  vda: ios=106861/45956, merge=1/5, ticks=44370/22181, in_queue=66553, util=99.37%
job1: (g=0): rw=randrw, bs=(R) 128KiB-128KiB, (W) 128KiB-128KiB, (T) 128KiB-128KiB, ioengine=libaio, iodepth=10
...
fio-3.34
Starting 10 threads

job1: (groupid=0, jobs=10): err= 0: pid=915: Mon Sep 18 18:18:13 2023
  read: IOPS=2814, BW=352MiB/s (369MB/s)(7147MiB/20314msec)
    slat (usec): min=264, max=40256, avg=1692.89, stdev=3097.63
    clat (usec): min=285, max=125947, avg=18624.16, stdev=11060.06
     lat (usec): min=710, max=126417, avg=20317.05, stdev=11857.34
    clat percentiles (msec):
     |  1.00th=[    6],  5.00th=[    7], 10.00th=[    8], 20.00th=[    9],
     | 30.00th=[   11], 40.00th=[   14], 50.00th=[   17], 60.00th=[   20],
     | 70.00th=[   23], 80.00th=[   28], 90.00th=[   34], 95.00th=[   41],
     | 99.00th=[   53], 99.50th=[   58], 99.90th=[   68], 99.95th=[   80],
     | 99.99th=[  118]
   bw (  KiB/s): min=214808, max=966096, per=100.00%, avg=432070.35, stdev=18894.61, samples=330
   iops        : min= 1673, max= 7543, avg=3370.37, stdev=147.62, samples=330
  write: IOPS=1217, BW=152MiB/s (160MB/s)(3093MiB/20314msec); 0 zone resets
    slat (usec): min=286, max=37404, avg=1782.51, stdev=3180.64
    clat (usec): min=459, max=190324, avg=19366.02, stdev=13191.53
     lat (usec): min=1081, max=191455, avg=21148.53, stdev=13910.58
    clat percentiles (msec):
     |  1.00th=[    6],  5.00th=[    7], 10.00th=[    8], 20.00th=[    9],
     | 30.00th=[   11], 40.00th=[   14], 50.00th=[   17], 60.00th=[   20],
     | 70.00th=[   24], 80.00th=[   28], 90.00th=[   35], 95.00th=[   42],
     | 99.00th=[   57], 99.50th=[   65], 99.90th=[  155], 99.95th=[  165],
     | 99.99th=[  182]
   bw (  KiB/s): min=89728, max=423858, per=100.00%, avg=187239.77, stdev=8405.58, samples=330
   iops        : min=  696, max= 3305, avg=1458.40, stdev=65.62, samples=330
  lat (usec)   : 500=0.01%, 750=0.01%, 1000=0.01%
  lat (msec)   : 2=0.02%, 4=0.08%, 10=28.26%, 20=33.17%, 50=36.95%
  lat (msec)   : 100=1.40%, 250=0.11%
  cpu          : usr=4.63%, sys=28.69%, ctx=30542, majf=0, minf=10
  IO depths    : 1=0.1%, 2=0.1%, 4=0.1%, 8=99.9%, 16=0.0%, 32=0.0%, >=64=0.0%
     submit    : 0=0.0%, 4=100.0%, 8=0.0%, 16=0.0%, 32=0.0%, 64=0.0%, >=64=0.0%
     complete  : 0=0.0%, 4=100.0%, 8=0.0%, 16=0.1%, 32=0.0%, 64=0.0%, >=64=0.0%
     issued rwts: total=57179,24741,0,0 short=0,0,0,0 dropped=0,0,0,0
     latency   : target=0, window=0, percentile=100.00%, depth=10

Run status group 0 (all jobs):
   READ: bw=352MiB/s (369MB/s), 352MiB/s-352MiB/s (369MB/s-369MB/s), io=7147MiB (7495MB), run=20314-20314msec
  WRITE: bw=152MiB/s (160MB/s), 152MiB/s-152MiB/s (160MB/s-160MB/s), io=3093MiB (3243MB), run=20314-20314msec

Disk stats (read/write):
  vda: ios=57006/24680, merge=1/5, ticks=27150/23115, in_queue=50268, util=99.04%
job1: (g=0): rw=randrw, bs=(R) 256KiB-256KiB, (W) 256KiB-256KiB, (T) 256KiB-256KiB, ioengine=libaio, iodepth=10
...
fio-3.34
Starting 10 threads

job1: (groupid=0, jobs=10): err= 0: pid=928: Mon Sep 18 18:18:56 2023
  read: IOPS=2293, BW=573MiB/s (601MB/s)(7128MiB/12431msec)
    slat (usec): min=323, max=37768, avg=2115.26, stdev=3596.22
    clat (usec): min=258, max=112472, avg=22213.71, stdev=13717.82
     lat (usec): min=1014, max=113990, avg=24328.97, stdev=14830.10
    clat percentiles (usec):
     |  1.00th=[ 6128],  5.00th=[ 7111], 10.00th=[ 8094], 20.00th=[10552],
     | 30.00th=[12518], 40.00th=[14746], 50.00th=[18744], 60.00th=[22676],
     | 70.00th=[26870], 80.00th=[32637], 90.00th=[41681], 95.00th=[49546],
     | 99.00th=[65799], 99.50th=[70779], 99.90th=[83362], 99.95th=[86508],
     | 99.99th=[93848]
   bw (  KiB/s): min=389517, max=1596613, per=100.00%, avg=732031.48, stdev=33481.50, samples=195
   iops        : min= 1516, max= 6231, avg=2854.40, stdev=130.79, samples=195
  write: IOPS=1001, BW=250MiB/s (263MB/s)(3113MiB/12431msec); 0 zone resets
    slat (usec): min=343, max=37623, avg=2205.69, stdev=3635.65
    clat (usec): min=589, max=113404, avg=22662.69, stdev=13862.04
     lat (usec): min=1401, max=115062, avg=24868.38, stdev=15003.84
    clat percentiles (msec):
     |  1.00th=[    7],  5.00th=[    8], 10.00th=[    9], 20.00th=[   11],
     | 30.00th=[   13], 40.00th=[   16], 50.00th=[   20], 60.00th=[   23],
     | 70.00th=[   28], 80.00th=[   34], 90.00th=[   43], 95.00th=[   51],
     | 99.00th=[   67], 99.50th=[   71], 99.90th=[   88], 99.95th=[   91],
     | 99.99th=[  112]
   bw (  KiB/s): min=167320, max=685199, per=100.00%, avg=317634.51, stdev=14881.13, samples=195
   iops        : min=  648, max= 2673, avg=1236.19, stdev=58.14, samples=195
  lat (usec)   : 500=0.01%, 750=0.01%, 1000=0.01%
  lat (msec)   : 2=0.02%, 4=0.04%, 10=16.62%, 20=36.10%, 50=42.34%
  lat (msec)   : 100=4.85%, 250=0.01%
  cpu          : usr=4.36%, sys=32.59%, ctx=15976, majf=0, minf=10
  IO depths    : 1=0.1%, 2=0.1%, 4=0.1%, 8=99.8%, 16=0.0%, 32=0.0%, >=64=0.0%
     submit    : 0=0.0%, 4=100.0%, 8=0.0%, 16=0.0%, 32=0.0%, 64=0.0%, >=64=0.0%
     complete  : 0=0.0%, 4=100.0%, 8=0.0%, 16=0.1%, 32=0.0%, 64=0.0%, >=64=0.0%
     issued rwts: total=28510,12450,0,0 short=0,0,0,0 dropped=0,0,0,0
     latency   : target=0, window=0, percentile=100.00%, depth=10

Run status group 0 (all jobs):
   READ: bw=573MiB/s (601MB/s), 573MiB/s-573MiB/s (601MB/s-601MB/s), io=7128MiB (7474MB), run=12431-12431msec
  WRITE: bw=250MiB/s (263MB/s), 250MiB/s-250MiB/s (263MB/s-263MB/s), io=3113MiB (3264MB), run=12431-12431msec

Disk stats (read/write):
  vda: ios=28326/12373, merge=0/3, ticks=13849/7544, in_queue=21394, util=98.40%
job1: (g=0): rw=randrw, bs=(R) 512KiB-512KiB, (W) 512KiB-512KiB, (T) 512KiB-512KiB, ioengine=libaio, iodepth=10
...
fio-3.34
Starting 10 threads

job1: (groupid=0, jobs=10): err= 0: pid=941: Mon Sep 18 18:19:40 2023
  read: IOPS=1129, BW=565MiB/s (592MB/s)(7127MiB/12618msec)
    slat (usec): min=386, max=42837, avg=4953.83, stdev=5649.13
    clat (usec): min=351, max=134102, avg=48180.09, stdev=19013.08
     lat (usec): min=993, max=138605, avg=53133.92, stdev=20624.16
    clat percentiles (msec):
     |  1.00th=[   14],  5.00th=[   17], 10.00th=[   23], 20.00th=[   32],
     | 30.00th=[   39], 40.00th=[   44], 50.00th=[   48], 60.00th=[   53],
     | 70.00th=[   58], 80.00th=[   64], 90.00th=[   73], 95.00th=[   81],
     | 99.00th=[   97], 99.50th=[  103], 99.90th=[  115], 99.95th=[  118],
     | 99.99th=[  125]
   bw (  KiB/s): min=435108, max=1134869, per=100.00%, avg=673803.22, stdev=18235.54, samples=214
   iops        : min=  845, max= 2211, avg=1312.09, stdev=35.59, samples=214
  write: IOPS=493, BW=247MiB/s (259MB/s)(3114MiB/12618msec); 0 zone resets
    slat (usec): min=492, max=38544, avg=5149.86, stdev=5728.32
    clat (usec): min=749, max=170136, avg=49831.37, stdev=20190.30
     lat (msec): min=3, max=172, avg=54.98, stdev=21.63
    clat percentiles (msec):
     |  1.00th=[   15],  5.00th=[   18], 10.00th=[   24], 20.00th=[   34],
     | 30.00th=[   40], 40.00th=[   45], 50.00th=[   49], 60.00th=[   54],
     | 70.00th=[   59], 80.00th=[   66], 90.00th=[   74], 95.00th=[   83],
     | 99.00th=[  106], 99.50th=[  118], 99.90th=[  163], 99.95th=[  165],
     | 99.99th=[  171]
   bw (  KiB/s): min=176951, max=480757, per=100.00%, avg=295838.42, stdev=8218.33, samples=214
   iops        : min=  338, max=  935, avg=571.70, stdev=16.13, samples=214
  lat (usec)   : 500=0.05%, 750=0.07%, 1000=0.01%
  lat (msec)   : 2=0.01%, 4=0.03%, 10=0.23%, 20=7.19%, 50=46.56%
  lat (msec)   : 100=44.91%, 250=0.93%
  cpu          : usr=2.54%, sys=35.59%, ctx=10257, majf=0, minf=10
  IO depths    : 1=0.1%, 2=0.1%, 4=0.2%, 8=99.7%, 16=0.0%, 32=0.0%, >=64=0.0%
     submit    : 0=0.0%, 4=100.0%, 8=0.0%, 16=0.0%, 32=0.0%, 64=0.0%, >=64=0.0%
     complete  : 0=0.0%, 4=100.0%, 8=0.0%, 16=0.1%, 32=0.0%, 64=0.0%, >=64=0.0%
     issued rwts: total=14253,6227,0,0 short=0,0,0,0 dropped=0,0,0,0
     latency   : target=0, window=0, percentile=100.00%, depth=10

Run status group 0 (all jobs):
   READ: bw=565MiB/s (592MB/s), 565MiB/s-565MiB/s (592MB/s-592MB/s), io=7127MiB (7473MB), run=12618-12618msec
  WRITE: bw=247MiB/s (259MB/s), 247MiB/s-247MiB/s (259MB/s-259MB/s), io=3114MiB (3265MB), run=12618-12618msec

Disk stats (read/write):
  vda: ios=14144/6180, merge=0/2, ticks=8058/9936, in_queue=17995, util=98.14%
job1: (g=0): rw=randrw, bs=(R) 1024KiB-1024KiB, (W) 1024KiB-1024KiB, (T) 1024KiB-1024KiB, ioengine=libaio, iodepth=10
...
fio-3.34
Starting 10 threads

job1: (groupid=0, jobs=10): err= 0: pid=954: Mon Sep 18 18:20:26 2023
  read: IOPS=465, BW=465MiB/s (488MB/s)(7096MiB/15249msec)
    slat (usec): min=551, max=43190, avg=13602.57, stdev=8286.56
    clat (usec): min=165, max=236072, avg=126969.78, stdev=34917.24
     lat (msec): min=4, max=259, avg=140.57, stdev=37.97
    clat percentiles (msec):
     |  1.00th=[   43],  5.00th=[   58], 10.00th=[   84], 20.00th=[  101],
     | 30.00th=[  111], 40.00th=[  121], 50.00th=[  130], 60.00th=[  138],
     | 70.00th=[  148], 80.00th=[  159], 90.00th=[  171], 95.00th=[  178],
     | 99.00th=[  192], 99.50th=[  199], 99.90th=[  220], 99.95th=[  228],
     | 99.99th=[  236]
   bw (  KiB/s): min=294889, max=813250, per=100.00%, avg=487299.83, stdev=11523.95, samples=281
   iops        : min=  280, max=  789, avg=469.18, stdev=11.32, samples=281
  write: IOPS=206, BW=206MiB/s (216MB/s)(3144MiB/15249msec); 0 zone resets
    slat (usec): min=878, max=40380, avg=14138.59, stdev=8167.28
    clat (usec): min=1114, max=244073, avg=128131.26, stdev=35583.15
     lat (msec): min=4, max=261, avg=142.27, stdev=38.66
    clat percentiles (msec):
     |  1.00th=[   43],  5.00th=[   57], 10.00th=[   84], 20.00th=[  102],
     | 30.00th=[  112], 40.00th=[  122], 50.00th=[  131], 60.00th=[  140],
     | 70.00th=[  150], 80.00th=[  161], 90.00th=[  171], 95.00th=[  178],
     | 99.00th=[  192], 99.50th=[  211], 99.90th=[  236], 99.95th=[  241],
     | 99.99th=[  245]
   bw (  KiB/s): min=99601, max=381372, per=100.00%, avg=217686.34, stdev=6688.89, samples=281
   iops        : min=   88, max=  365, avg=204.13, stdev= 6.58, samples=281
  lat (usec)   : 250=0.01%, 750=0.02%, 1000=0.01%
  lat (msec)   : 2=0.02%, 4=0.01%, 10=0.06%, 20=0.18%, 50=2.20%
  lat (msec)   : 100=17.18%, 250=80.32%
  cpu          : usr=1.17%, sys=37.18%, ctx=9464, majf=0, minf=10
  IO depths    : 1=0.1%, 2=0.2%, 4=0.4%, 8=99.3%, 16=0.0%, 32=0.0%, >=64=0.0%
     submit    : 0=0.0%, 4=100.0%, 8=0.0%, 16=0.0%, 32=0.0%, 64=0.0%, >=64=0.0%
     complete  : 0=0.0%, 4=99.9%, 8=0.0%, 16=0.1%, 32=0.0%, 64=0.0%, >=64=0.0%
     issued rwts: total=7096,3144,0,0 short=0,0,0,0 dropped=0,0,0,0
     latency   : target=0, window=0, percentile=100.00%, depth=10

Run status group 0 (all jobs):
   READ: bw=465MiB/s (488MB/s), 465MiB/s-465MiB/s (488MB/s-488MB/s), io=7096MiB (7441MB), run=15249-15249msec
  WRITE: bw=206MiB/s (216MB/s), 206MiB/s-206MiB/s (216MB/s-216MB/s), io=3144MiB (3297MB), run=15249-15249msec

Disk stats (read/write):
  vda: ios=7107/3165, merge=0/3, ticks=4919/5492, in_queue=10413, util=96.54%
